iTrust-0.7999999999999999-0.2-cn.edu.nju.cs.itrace4.core.ir.VSM:0.07741744419431452
iTrust-0.7999999999999999-0.2-cn.edu.nju.cs.itrace4.core.ir.JSD:0.0024851456989962743
iTrust-0.7999999999999999-0.2-cn.edu.nju.cs.itrace4.core.ir.JSD:0.005157942905047744
iTrust-0.7999999999999999-0.30000000000000004-cn.edu.nju.cs.itrace4.core.ir.JSD:0.0024851456989962743
iTrust-0.7999999999999999-0.30000000000000004-cn.edu.nju.cs.itrace4.core.ir.JSD:0.005157942905047744
iTrust-0.7-0.9999999999999999-cn.edu.nju.cs.itrace4.core.ir.JSD:0.0024851456989962743
iTrust-0.7-0.9999999999999999-cn.edu.nju.cs.itrace4.core.ir.JSD:0.005157942905047744
iTrust-0.7999999999999999-0.2-cn.edu.nju.cs.itrace4.core.ir.LSI:0.22534065909303913
iTrust-0.7999999999999999-0.2-cn.edu.nju.cs.itrace4.core.ir.LSI:0.27160532152162153
iTrust-0.7999999999999999-0.30000000000000004-cn.edu.nju.cs.itrace4.core.ir.LSI:0.22534065909303913
iTrust-0.7999999999999999-0.30000000000000004-cn.edu.nju.cs.itrace4.core.ir.LSI:0.27160532152162153
iTrust-0.7-0.9999999999999999-cn.edu.nju.cs.itrace4.core.ir.LSI:0.22534065909303913
iTrust-0.7-0.9999999999999999-cn.edu.nju.cs.itrace4.core.ir.LSI:0.27160532152162153
169
170
171
172
173
174
175
176
we method call start--
UD_CallData_406:
we method call start--
UD_CallData_406:
we method call finish--
we method call start--
UD_CallData_406:
we method call start--
UD_CallData_406:
we method call finish--
we method call start--
we method call finish--
we method call start--
UD_CallData_406:
UD_CallData_406:
iTrust-0.7999999999999999-0.5-cn.edu.nju.cs.itrace4.core.ir.VSM:0.22174045427612088
iTrust-0.7999999999999999-0.5-cn.edu.nju.cs.itrace4.core.ir.VSM:0.279058500662717
we method call finish--
we method call finish--
iTrust-0.7999999999999999-0.6-cn.edu.nju.cs.itrace4.core.ir.VSM:0.22174045427612088
iTrust-0.7999999999999999-0.6-cn.edu.nju.cs.itrace4.core.ir.VSM:0.279058500662717
we method call finish--
iTrust-0.7999999999999999-0.4-cn.edu.nju.cs.itrace4.core.ir.VSM:0.22174045427612088
iTrust-0.7999999999999999-0.4-cn.edu.nju.cs.itrace4.core.ir.VSM:0.279058500662717
iTrust-0.7999999999999999-0.4-cn.edu.nju.cs.itrace4.core.ir.JSD:0.028288152011517114
iTrust-0.7999999999999999-0.4-cn.edu.nju.cs.itrace4.core.ir.JSD:0.05032945196593179
iTrust-0.7999999999999999-0.5-cn.edu.nju.cs.itrace4.core.ir.JSD:0.028288152011517114
iTrust-0.7999999999999999-0.5-cn.edu.nju.cs.itrace4.core.ir.JSD:0.05032945196593179
iTrust-0.7999999999999999-0.6-cn.edu.nju.cs.itrace4.core.ir.JSD:0.028288152011517114
iTrust-0.7999999999999999-0.6-cn.edu.nju.cs.itrace4.core.ir.JSD:0.05032945196593179
we method call start--
UD_CallData_406:
we method call finish--
we method call start--
UD_CallData_406:
we method call finish--
iTrust-0.7999999999999999-0.4-cn.edu.nju.cs.itrace4.core.ir.LSI:0.13197850390937893
iTrust-0.7999999999999999-0.4-cn.edu.nju.cs.itrace4.core.ir.LSI:0.16580859075513776
iTrust-0.7999999999999999-0.5-cn.edu.nju.cs.itrace4.core.ir.LSI:0.13197850390937893
iTrust-0.7999999999999999-0.5-cn.edu.nju.cs.itrace4.core.ir.LSI:0.16580859075513776
177
178
179
180
181
182
183
184
we method call start--
UD_CallData_406:
we method call start--
UD_CallData_406:
we method call start--
UD_CallData_406:
we method call start--
UD_CallData_406:
we method call finish--
we method call start--
we method call finish--
we method call finish--
UD_CallData_406:
we method call finish--
we method call finish--
iTrust-0.7999999999999999-0.7-cn.edu.nju.cs.itrace4.core.ir.VSM:0.22174045427612088
iTrust-0.7999999999999999-0.7-cn.edu.nju.cs.itrace4.core.ir.VSM:0.2746576022145837
iTrust-0.7999999999999999-0.8999999999999999-cn.edu.nju.cs.itrace4.core.ir.VSM:0.22174045427612088
iTrust-0.7999999999999999-0.8999999999999999-cn.edu.nju.cs.itrace4.core.ir.VSM:0.2746576022145837
iTrust-0.7999999999999999-0.7999999999999999-cn.edu.nju.cs.itrace4.core.ir.VSM:0.22174045427612088
iTrust-0.7999999999999999-0.7999999999999999-cn.edu.nju.cs.itrace4.core.ir.VSM:0.2746576022145837
iTrust-0.7999999999999999-0.7-cn.edu.nju.cs.itrace4.core.ir.JSD:0.028288152011517114
iTrust-0.7999999999999999-0.7-cn.edu.nju.cs.itrace4.core.ir.JSD:0.047250011156848515
iTrust-0.7999999999999999-0.7999999999999999-cn.edu.nju.cs.itrace4.core.ir.JSD:0.028288152011517114
iTrust-0.7999999999999999-0.7999999999999999-cn.edu.nju.cs.itrace4.core.ir.JSD:0.047250011156848515
we method call start--
UD_CallData_406:
we method call finish--
we method call start--
UD_CallData_406:
we method call start--
iTrust-0.7999999999999999-0.6-cn.edu.nju.cs.itrace4.core.ir.LSI:0.23266587028830876
iTrust-0.7999999999999999-0.6-cn.edu.nju.cs.itrace4.core.ir.LSI:0.28127683844778106
UD_CallData_406:
we method call finish--
we method call finish--
iTrust-0.7999999999999999-0.7-cn.edu.nju.cs.itrace4.core.ir.LSI:0.23266587028830876
iTrust-0.7999999999999999-0.7-cn.edu.nju.cs.itrace4.core.ir.LSI:0.28127683844778106
iTrust-0.7999999999999999-0.7999999999999999-cn.edu.nju.cs.itrace4.core.ir.LSI:0.23266587028830876
iTrust-0.7999999999999999-0.7999999999999999-cn.edu.nju.cs.itrace4.core.ir.LSI:0.28127683844778106
185
186
187
188
189
190
191
192
we method call start--
UD_CallData_406:
we method call start--
we method call start--
UD_CallData_406:
UD_CallData_406:
we method call finish--
we method call start--
UD_CallData_406:
we method call start--
UD_CallData_406:
we method call finish--
we method call finish--
we method call finish--
we method call finish--
iTrust-0.7999999999999999-0.9999999999999999-cn.edu.nju.cs.itrace4.core.ir.VSM:0.21337848264050585
iTrust-0.7999999999999999-0.9999999999999999-cn.edu.nju.cs.itrace4.core.ir.VSM:0.26343797709608385
iTrust-0.8999999999999999-0.2-cn.edu.nju.cs.itrace4.core.ir.VSM:0.21337848264050585
iTrust-0.8999999999999999-0.2-cn.edu.nju.cs.itrace4.core.ir.VSM:0.26343797709608385
iTrust-0.8999999999999999-0.2-cn.edu.nju.cs.itrace4.core.ir.JSD:0.03109091357776093
iTrust-0.8999999999999999-0.2-cn.edu.nju.cs.itrace4.core.ir.JSD:0.05376068301257042
iTrust-0.7999999999999999-0.9999999999999999-cn.edu.nju.cs.itrace4.core.ir.JSD:0.03109091357776093
iTrust-0.7999999999999999-0.9999999999999999-cn.edu.nju.cs.itrace4.core.ir.JSD:0.05376068301257042
iTrust-0.7999999999999999-0.8999999999999999-cn.edu.nju.cs.itrace4.core.ir.JSD:0.03109091357776093
iTrust-0.7999999999999999-0.8999999999999999-cn.edu.nju.cs.itrace4.core.ir.JSD:0.05376068301257042
we method call start--
UD_CallData_406:
we method call start--
UD_CallData_406:
we method call start--
UD_CallData_406:
we method call finish--
we method call finish--
we method call finish--
iTrust-0.7999999999999999-0.8999999999999999-cn.edu.nju.cs.itrace4.core.ir.LSI:0.23266587028830876
iTrust-0.7999999999999999-0.8999999999999999-cn.edu.nju.cs.itrace4.core.ir.LSI:0.28127683844778106
iTrust-0.7999999999999999-0.9999999999999999-cn.edu.nju.cs.itrace4.core.ir.LSI:0.23266587028830876
iTrust-0.7999999999999999-0.9999999999999999-cn.edu.nju.cs.itrace4.core.ir.LSI:0.28127683844778106
iTrust-0.8999999999999999-0.2-cn.edu.nju.cs.itrace4.core.ir.LSI:0.23266587028830876
iTrust-0.8999999999999999-0.2-cn.edu.nju.cs.itrace4.core.ir.LSI:0.28127683844778106
193
194
195
196
197
198
199
200
we method call start--
UD_CallData_406:
we method call start--
UD_CallData_406:
we method call finish--
we method call start--
we method call finish--
UD_CallData_406:
we method call start--
UD_CallData_406:
we method call finish--
we method call start--
UD_CallData_406:
we method call finish--
we method call start--
UD_CallData_406:
iTrust-0.8999999999999999-0.30000000000000004-cn.edu.nju.cs.itrace4.core.ir.VSM:0.2354067632481498
iTrust-0.8999999999999999-0.30000000000000004-cn.edu.nju.cs.itrace4.core.ir.VSM:0.3022466576461723
we method call finish--
we method call finish--
iTrust-0.8999999999999999-0.5-cn.edu.nju.cs.itrace4.core.ir.VSM:0.2354067632481498
iTrust-0.8999999999999999-0.5-cn.edu.nju.cs.itrace4.core.ir.VSM:0.3022466576461723
iTrust-0.8999999999999999-0.30000000000000004-cn.edu.nju.cs.itrace4.core.ir.JSD:0.030435550701033754
iTrust-0.8999999999999999-0.30000000000000004-cn.edu.nju.cs.itrace4.core.ir.JSD:0.05457001288732741
iTrust-0.8999999999999999-0.4-cn.edu.nju.cs.itrace4.core.ir.VSM:0.2354067632481498
iTrust-0.8999999999999999-0.4-cn.edu.nju.cs.itrace4.core.ir.VSM:0.3022466576461723
iTrust-0.8999999999999999-0.5-cn.edu.nju.cs.itrace4.core.ir.JSD:0.030435550701033754
iTrust-0.8999999999999999-0.5-cn.edu.nju.cs.itrace4.core.ir.JSD:0.05457001288732741
iTrust-0.8999999999999999-0.4-cn.edu.nju.cs.itrace4.core.ir.JSD:0.030435550701033754
iTrust-0.8999999999999999-0.4-cn.edu.nju.cs.itrace4.core.ir.JSD:0.05457001288732741
we method call start--
UD_CallData_406:
we method call finish--
iTrust-0.8999999999999999-0.30000000000000004-cn.edu.nju.cs.itrace4.core.ir.LSI:0.25171347599439886
iTrust-0.8999999999999999-0.30000000000000004-cn.edu.nju.cs.itrace4.core.ir.LSI:0.2645028385811147
we method call start--
UD_CallData_406:
we method call finish--
iTrust-0.8999999999999999-0.4-cn.edu.nju.cs.itrace4.core.ir.LSI:0.25171347599439886
iTrust-0.8999999999999999-0.4-cn.edu.nju.cs.itrace4.core.ir.LSI:0.2645028385811147
201
202
203
204
205
206
207
208
we method call start--
UD_CallData_406:
we method call finish--
we method call start--
UD_CallData_406:
we method call start--
UD_CallData_406:
we method call start--
UD_CallData_406:
we method call finish--
we method call finish--
we method call start--
we method call finish--
UD_CallData_406:
iTrust-0.8999999999999999-0.6-cn.edu.nju.cs.itrace4.core.ir.VSM:0.4066039260552693
we method call finish--
iTrust-0.8999999999999999-0.6-cn.edu.nju.cs.itrace4.core.ir.VSM:0.41425122819195237
iTrust-0.8999999999999999-0.7999999999999999-cn.edu.nju.cs.itrace4.core.ir.VSM:0.4066039260552693
iTrust-0.8999999999999999-0.7999999999999999-cn.edu.nju.cs.itrace4.core.ir.VSM:0.41425122819195237
iTrust-0.8999999999999999-0.6-cn.edu.nju.cs.itrace4.core.ir.JSD:0.07842582624591511
iTrust-0.8999999999999999-0.6-cn.edu.nju.cs.itrace4.core.ir.JSD:0.08817588407192423
iTrust-0.8999999999999999-0.7-cn.edu.nju.cs.itrace4.core.ir.VSM:0.4066039260552693
iTrust-0.8999999999999999-0.7-cn.edu.nju.cs.itrace4.core.ir.VSM:0.41425122819195237
iTrust-0.8999999999999999-0.7-cn.edu.nju.cs.itrace4.core.ir.JSD:0.07842582624591511
iTrust-0.8999999999999999-0.7-cn.edu.nju.cs.itrace4.core.ir.JSD:0.08817588407192423
we method call start--
UD_CallData_406:
we method call start--
UD_CallData_406:
we method call finish--
we method call finish--
we method call start--
UD_CallData_406:
iTrust-0.8999999999999999-0.6-cn.edu.nju.cs.itrace4.core.ir.LSI:0.48214199972565785
iTrust-0.8999999999999999-0.6-cn.edu.nju.cs.itrace4.core.ir.LSI:0.49590700061785464
iTrust-0.8999999999999999-0.5-cn.edu.nju.cs.itrace4.core.ir.LSI:0.48214199972565785
iTrust-0.8999999999999999-0.5-cn.edu.nju.cs.itrace4.core.ir.LSI:0.49590700061785464
we method call finish--
iTrust-0.8999999999999999-0.7-cn.edu.nju.cs.itrace4.core.ir.LSI:0.48214199972565785
iTrust-0.8999999999999999-0.7-cn.edu.nju.cs.itrace4.core.ir.LSI:0.49590700061785464
209
210
211
212
213
214
215
216
we method call start--
UD_CallData_406:
we method call start--
UD_CallData_406:
we method call start--
UD_CallData_406:
we method call start--
we method call start--
UD_CallData_406:
UD_CallData_406:
we method call finish--
we method call finish--
we method call finish--
we method call finish--
we method call finish--
iTrust-0.8999999999999999-0.7999999999999999-cn.edu.nju.cs.itrace4.core.ir.JSD:0.07641965021301916
iTrust-0.8999999999999999-0.7999999999999999-cn.edu.nju.cs.itrace4.core.ir.JSD:0.0866081626460925
iTrust-0.8999999999999999-0.9999999999999999-cn.edu.nju.cs.itrace4.core.ir.JSD:0.07641965021301916
iTrust-0.8999999999999999-0.9999999999999999-cn.edu.nju.cs.itrace4.core.ir.JSD:0.0866081626460925
iTrust-0.8999999999999999-0.8999999999999999-cn.edu.nju.cs.itrace4.core.ir.JSD:0.07641965021301916
iTrust-0.8999999999999999-0.8999999999999999-cn.edu.nju.cs.itrace4.core.ir.JSD:0.0866081626460925
iTrust-0.8999999999999999-0.9999999999999999-cn.edu.nju.cs.itrace4.core.ir.VSM:0.3675259042962735
iTrust-0.8999999999999999-0.9999999999999999-cn.edu.nju.cs.itrace4.core.ir.VSM:0.37231197298296237
iTrust-0.8999999999999999-0.8999999999999999-cn.edu.nju.cs.itrace4.core.ir.VSM:0.3675259042962735
iTrust-0.8999999999999999-0.8999999999999999-cn.edu.nju.cs.itrace4.core.ir.VSM:0.37231197298296237
we method call start--
UD_CallData_406:
we method call start--
UD_CallData_406:
we method call finish--
we method call finish--
iTrust-0.8999999999999999-0.8999999999999999-cn.edu.nju.cs.itrace4.core.ir.LSI:0.44182628291319004
iTrust-0.8999999999999999-0.8999999999999999-cn.edu.nju.cs.itrace4.core.ir.LSI:0.45404432663765504
we method call start--
UD_CallData_406:
iTrust-0.8999999999999999-0.9999999999999999-cn.edu.nju.cs.itrace4.core.ir.LSI:0.44182628291319004
iTrust-0.8999999999999999-0.9999999999999999-cn.edu.nju.cs.itrace4.core.ir.LSI:0.45404432663765504
we method call finish--
iTrust-0.8999999999999999-0.7999999999999999-cn.edu.nju.cs.itrace4.core.ir.LSI:0.44182628291319004
iTrust-0.8999999999999999-0.7999999999999999-cn.edu.nju.cs.itrace4.core.ir.LSI:0.45404432663765504
217
218
219
220
221
222
223
224
we method call start--
UD_CallData_406:
we method call start--
UD_CallData_406:
we method call finish--
we method call finish--
we method call start--
UD_CallData_406:
we method call start--
UD_CallData_406:
we method call finish--
we method call start--
UD_CallData_406:
iTrust-0.9999999999999999-0.30000000000000004-cn.edu.nju.cs.itrace4.core.ir.VSM:0.6654674690352302
iTrust-0.9999999999999999-0.30000000000000004-cn.edu.nju.cs.itrace4.core.ir.VSM:0.674905143333892
we method call finish--
we method call start--
UD_CallData_406:
we method call finish--
iTrust-0.9999999999999999-0.2-cn.edu.nju.cs.itrace4.core.ir.VSM:0.1463494469733304
iTrust-0.9999999999999999-0.2-cn.edu.nju.cs.itrace4.core.ir.VSM:0.1498407521133478
we method call finish--
iTrust-0.9999999999999999-0.4-cn.edu.nju.cs.itrace4.core.ir.JSD:0.030435550701033754
iTrust-0.9999999999999999-0.4-cn.edu.nju.cs.itrace4.core.ir.JSD:0.03737117914453252
iTrust-0.9999999999999999-0.4-cn.edu.nju.cs.itrace4.core.ir.VSM:0.2354067632481498
iTrust-0.9999999999999999-0.4-cn.edu.nju.cs.itrace4.core.ir.VSM:0.24135686287347358
iTrust-0.9999999999999999-0.30000000000000004-cn.edu.nju.cs.itrace4.core.ir.JSD:0.030435550701033754
iTrust-0.9999999999999999-0.30000000000000004-cn.edu.nju.cs.itrace4.core.ir.JSD:0.03737117914453252
iTrust-0.9999999999999999-0.2-cn.edu.nju.cs.itrace4.core.ir.JSD:0.030435550701033754
iTrust-0.9999999999999999-0.2-cn.edu.nju.cs.itrace4.core.ir.JSD:0.03737117914453252
we method call start--
UD_CallData_406:
we method call finish--
iTrust-0.9999999999999999-0.2-cn.edu.nju.cs.itrace4.core.ir.LSI:0.15382604481840323
iTrust-0.9999999999999999-0.2-cn.edu.nju.cs.itrace4.core.ir.LSI:0.1617387705392841
we method call start--
UD_CallData_406:
we method call finish--
iTrust-0.9999999999999999-0.30000000000000004-cn.edu.nju.cs.itrace4.core.ir.LSI:0.15382604481840323
iTrust-0.9999999999999999-0.30000000000000004-cn.edu.nju.cs.itrace4.core.ir.LSI:0.1617387705392841
225
226
227
228
229
230
231
232
we method call start--
UD_CallData_406:
we method call finish--
we method call start--
UD_CallData_406:
we method call start--
UD_CallData_406:
we method call finish--
we method call finish--
iTrust-0.9999999999999999-0.5-cn.edu.nju.cs.itrace4.core.ir.VSM:0.4066039260552693
iTrust-0.9999999999999999-0.5-cn.edu.nju.cs.itrace4.core.ir.VSM:0.41425122819195237
we method call start--
UD_CallData_406:
we method call finish--
we method call start--
UD_CallData_406:
we method call finish--
iTrust-0.9999999999999999-0.7-cn.edu.nju.cs.itrace4.core.ir.VSM:0.2821675157330391
iTrust-0.9999999999999999-0.7-cn.edu.nju.cs.itrace4.core.ir.VSM:0.2877775583164891
iTrust-0.9999999999999999-0.6-cn.edu.nju.cs.itrace4.core.ir.VSM:0.2821675157330391
iTrust-0.9999999999999999-0.6-cn.edu.nju.cs.itrace4.core.ir.VSM:0.2877775583164891
iTrust-0.9999999999999999-0.6-cn.edu.nju.cs.itrace4.core.ir.JSD:0.07842582624591511
iTrust-0.9999999999999999-0.6-cn.edu.nju.cs.itrace4.core.ir.JSD:0.08817588407192423
iTrust-0.9999999999999999-0.5-cn.edu.nju.cs.itrace4.core.ir.JSD:0.07842582624591511
iTrust-0.9999999999999999-0.5-cn.edu.nju.cs.itrace4.core.ir.JSD:0.08817588407192423
we method call start--
UD_CallData_406:
we method call finish--
we method call start--
UD_CallData_406:
iTrust-0.9999999999999999-0.5-cn.edu.nju.cs.itrace4.core.ir.LSI:0.25171347599439886
iTrust-0.9999999999999999-0.5-cn.edu.nju.cs.itrace4.core.ir.LSI:0.2645028385811147
we method call start--
UD_CallData_406:
we method call finish--
we method call finish--
iTrust-0.9999999999999999-0.4-cn.edu.nju.cs.itrace4.core.ir.LSI:0.25171347599439886
iTrust-0.9999999999999999-0.4-cn.edu.nju.cs.itrace4.core.ir.LSI:0.2645028385811147
iTrust-0.9999999999999999-0.6-cn.edu.nju.cs.itrace4.core.ir.LSI:0.25171347599439886
iTrust-0.9999999999999999-0.6-cn.edu.nju.cs.itrace4.core.ir.LSI:0.2645028385811147
233
234
235
236
237
238
239
240
we method call start--
UD_CallData_406:
we method call start--
UD_CallData_406:
we method call start--
UD_CallData_406:
we method call finish--
we method call start--
UD_CallData_406:
we method call finish--
we method call start--
we method call finish--
UD_CallData_406:
we method call finish--
we method call finish--
iTrust-0.9999999999999999-0.8999999999999999-cn.edu.nju.cs.itrace4.core.ir.VSM:0.3675259042962735
iTrust-0.9999999999999999-0.8999999999999999-cn.edu.nju.cs.itrace4.core.ir.VSM:0.37231197298296237
iTrust-0.9999999999999999-0.8999999999999999-cn.edu.nju.cs.itrace4.core.ir.JSD:0.07641965021301916
iTrust-0.9999999999999999-0.8999999999999999-cn.edu.nju.cs.itrace4.core.ir.JSD:0.0866081626460925
iTrust-0.9999999999999999-0.7999999999999999-cn.edu.nju.cs.itrace4.core.ir.VSM:0.3675259042962735
iTrust-0.9999999999999999-0.7999999999999999-cn.edu.nju.cs.itrace4.core.ir.VSM:0.37231197298296237
iTrust-0.9999999999999999-0.7999999999999999-cn.edu.nju.cs.itrace4.core.ir.JSD:0.07641965021301916
iTrust-0.9999999999999999-0.7999999999999999-cn.edu.nju.cs.itrace4.core.ir.JSD:0.0866081626460925
iTrust-0.9999999999999999-0.7-cn.edu.nju.cs.itrace4.core.ir.JSD:0.07641965021301916
iTrust-0.9999999999999999-0.7-cn.edu.nju.cs.itrace4.core.ir.JSD:0.0866081626460925
we method call start--
UD_CallData_406:
we method call finish--
we method call start--
UD_CallData_406:
we method call start--
UD_CallData_406:
we method call finish--
we method call finish--
iTrust-0.9999999999999999-0.8999999999999999-cn.edu.nju.cs.itrace4.core.ir.LSI:0.48214199972565785
iTrust-0.9999999999999999-0.8999999999999999-cn.edu.nju.cs.itrace4.core.ir.LSI:0.49590700061785464
iTrust-0.9999999999999999-0.7-cn.edu.nju.cs.itrace4.core.ir.LSI:0.48214199972565785
iTrust-0.9999999999999999-0.7-cn.edu.nju.cs.itrace4.core.ir.LSI:0.49590700061785464
iTrust-0.9999999999999999-0.7999999999999999-cn.edu.nju.cs.itrace4.core.ir.LSI:0.48214199972565785
iTrust-0.9999999999999999-0.7999999999999999-cn.edu.nju.cs.itrace4.core.ir.LSI:0.49590700061785464
241
242
243
dirPath:data/exp/Maven/uc
dirPath:data/exp/Maven/class/code
Read 107 trace links from rtm.
244
245
246
247
248
we method call start--
UD_CallData_406:
we method call finish--
we method call start--
UD_CallData_406:
we method call finish--
iTrust-0.9999999999999999-0.9999999999999999-cn.edu.nju.cs.itrace4.core.ir.VSM:0.3675259042962735
iTrust-0.9999999999999999-0.9999999999999999-cn.edu.nju.cs.itrace4.core.ir.VSM:0.37231197298296237
we method call start--
we method call start--
UD_CallData_406:
UD_CallData_406:
we method call start--
we method call start--
UD_CallData_406:
UD_CallData_406:
iTrust-0.9999999999999999-0.9999999999999999-cn.edu.nju.cs.itrace4.core.ir.JSD:0.07641965021301916
iTrust-0.9999999999999999-0.9999999999999999-cn.edu.nju.cs.itrace4.core.ir.JSD:0.0866081626460925
we method call finish--
we method call finish--
we method call finish--
we method call finish--
Maven-0.2-0.2-cn.edu.nju.cs.itrace4.core.ir.VSM:0.13934970123459756
Maven-0.2-0.2-cn.edu.nju.cs.itrace4.core.ir.VSM:0.5584774069950772
Maven-0.2-0.30000000000000004-cn.edu.nju.cs.itrace4.core.ir.VSM:0.13934970123459756
Maven-0.2-0.30000000000000004-cn.edu.nju.cs.itrace4.core.ir.VSM:0.5584774069950772
Maven-0.2-0.30000000000000004-cn.edu.nju.cs.itrace4.core.ir.JSD:0.41018831601063244
Maven-0.2-0.30000000000000004-cn.edu.nju.cs.itrace4.core.ir.JSD:0.35260750049152423
Maven-0.2-0.2-cn.edu.nju.cs.itrace4.core.ir.JSD:0.41018831601063244
Maven-0.2-0.2-cn.edu.nju.cs.itrace4.core.ir.JSD:0.35260750049152423
we method call start--
UD_CallData_406:
we method call finish--
we method call start--
UD_CallData_406:
iTrust-0.9999999999999999-0.9999999999999999-cn.edu.nju.cs.itrace4.core.ir.LSI:0.44182628291319004
iTrust-0.9999999999999999-0.9999999999999999-cn.edu.nju.cs.itrace4.core.ir.LSI:0.45404432663765504
we method call finish--
Maven-0.2-0.2-cn.edu.nju.cs.itrace4.core.ir.LSI:0.3700261627445368
Maven-0.2-0.2-cn.edu.nju.cs.itrace4.core.ir.LSI:0.5006787039276395
249
250
251
252
253
254
255
256
we method call start--
UD_CallData_406:
we method call start--
we method call start--
UD_CallData_406:
we method call finish--
UD_CallData_406:
we method call start--
UD_CallData_406:
we method call start--
UD_CallData_406:
we method call finish--
we method call finish--
Maven-0.2-0.4-cn.edu.nju.cs.itrace4.core.ir.VSM:0.06443597845176238
Maven-0.2-0.4-cn.edu.nju.cs.itrace4.core.ir.VSM:0.11904209322554526
we method call finish--
we method call finish--
Maven-0.2-0.5-cn.edu.nju.cs.itrace4.core.ir.VSM:0.06443597845176238
Maven-0.2-0.5-cn.edu.nju.cs.itrace4.core.ir.VSM:0.11904209322554526
Maven-0.2-0.6-cn.edu.nju.cs.itrace4.core.ir.VSM:0.06443597845176238
Maven-0.2-0.6-cn.edu.nju.cs.itrace4.core.ir.VSM:0.11904209322554526
Maven-0.2-0.4-cn.edu.nju.cs.itrace4.core.ir.JSD:0.11314861840572965
Maven-0.2-0.4-cn.edu.nju.cs.itrace4.core.ir.JSD:0.4853588238839017
Maven-0.2-0.5-cn.edu.nju.cs.itrace4.core.ir.JSD:0.11314861840572965
Maven-0.2-0.5-cn.edu.nju.cs.itrace4.core.ir.JSD:0.4853588238839017
we method call start--
UD_CallData_406:
we method call start--
UD_CallData_406:
we method call start--
UD_CallData_406:
we method call finish--
we method call finish--
we method call finish--
Maven-0.2-0.30000000000000004-cn.edu.nju.cs.itrace4.core.ir.LSI:0.2912441758244261
Maven-0.2-0.30000000000000004-cn.edu.nju.cs.itrace4.core.ir.LSI:0.3825317481493056
Maven-0.2-0.4-cn.edu.nju.cs.itrace4.core.ir.LSI:0.2912441758244261
Maven-0.2-0.4-cn.edu.nju.cs.itrace4.core.ir.LSI:0.3825317481493056
Maven-0.2-0.5-cn.edu.nju.cs.itrace4.core.ir.LSI:0.2912441758244261
Maven-0.2-0.5-cn.edu.nju.cs.itrace4.core.ir.LSI:0.3825317481493056
257
258
259
260
261
262
263
264
we method call start--
UD_CallData_406:
we method call finish--
we method call start--
UD_CallData_406:
we method call start--
we method call start--
UD_CallData_406:
UD_CallData_406:
Maven-0.2-0.7-cn.edu.nju.cs.itrace4.core.ir.VSM:0.10869869091843987
Maven-0.2-0.7-cn.edu.nju.cs.itrace4.core.ir.VSM:0.18708714936508675
we method call finish--
we method call finish--
we method call finish--
Maven-0.2-0.7999999999999999-cn.edu.nju.cs.itrace4.core.ir.VSM:0.10869869091843987
Maven-0.2-0.7999999999999999-cn.edu.nju.cs.itrace4.core.ir.VSM:0.18708714936508675
we method call start--
UD_CallData_406:
Maven-0.2-0.7-cn.edu.nju.cs.itrace4.core.ir.JSD:0.16255700863321065
Maven-0.2-0.7-cn.edu.nju.cs.itrace4.core.ir.JSD:0.6563918300696314
we method call finish--
Maven-0.2-0.6-cn.edu.nju.cs.itrace4.core.ir.JSD:0.16255700863321065
Maven-0.2-0.6-cn.edu.nju.cs.itrace4.core.ir.JSD:0.6563918300696314
Maven-0.2-0.7999999999999999-cn.edu.nju.cs.itrace4.core.ir.JSD:0.16255700863321065
Maven-0.2-0.7999999999999999-cn.edu.nju.cs.itrace4.core.ir.JSD:0.6563918300696314
we method call start--
UD_CallData_406:
we method call start--
UD_CallData_406:
we method call finish--
we method call finish--
we method call start--
UD_CallData_406:
Maven-0.2-0.7999999999999999-cn.edu.nju.cs.itrace4.core.ir.LSI:0.13671061420397623
Maven-0.2-0.7999999999999999-cn.edu.nju.cs.itrace4.core.ir.LSI:0.25550065927949395
Maven-0.2-0.6-cn.edu.nju.cs.itrace4.core.ir.LSI:0.13671061420397623
Maven-0.2-0.6-cn.edu.nju.cs.itrace4.core.ir.LSI:0.25550065927949395
we method call finish--
Maven-0.2-0.7-cn.edu.nju.cs.itrace4.core.ir.LSI:0.13671061420397623
Maven-0.2-0.7-cn.edu.nju.cs.itrace4.core.ir.LSI:0.25550065927949395
265
266
267
268
269
270
271
272
we method call start--
UD_CallData_406:
we method call start--
UD_CallData_406:
we method call start--
UD_CallData_406:
we method call start--
UD_CallData_406:
we method call finish--
we method call finish--
we method call start--
UD_CallData_406:
we method call finish--
we method call start--
UD_CallData_406:
we method call finish--
Maven-0.2-0.8999999999999999-cn.edu.nju.cs.itrace4.core.ir.VSM:0.11826000441707019
Maven-0.2-0.8999999999999999-cn.edu.nju.cs.itrace4.core.ir.VSM:0.21020317596895122
we method call finish--
Maven-0.30000000000000004-0.2-cn.edu.nju.cs.itrace4.core.ir.VSM:0.1569832882578489
Maven-0.30000000000000004-0.2-cn.edu.nju.cs.itrace4.core.ir.VSM:0.2947914255550119
we method call finish--
Maven-0.2-0.9999999999999999-cn.edu.nju.cs.itrace4.core.ir.VSM:0.1569832882578489
Maven-0.2-0.9999999999999999-cn.edu.nju.cs.itrace4.core.ir.VSM:0.2947914255550119
Maven-0.2-0.9999999999999999-cn.edu.nju.cs.itrace4.core.ir.JSD:0.4588362654779198
Maven-0.2-0.9999999999999999-cn.edu.nju.cs.itrace4.core.ir.JSD:0.9313791897358811
Maven-0.2-0.8999999999999999-cn.edu.nju.cs.itrace4.core.ir.JSD:0.4588362654779198
Maven-0.2-0.8999999999999999-cn.edu.nju.cs.itrace4.core.ir.JSD:0.9313791897358811
Maven-0.30000000000000004-0.2-cn.edu.nju.cs.itrace4.core.ir.JSD:0.3735730003858765
Maven-0.30000000000000004-0.2-cn.edu.nju.cs.itrace4.core.ir.JSD:0.9445517028196015
we method call start--
UD_CallData_406:
we method call finish--
we method call start--
UD_CallData_406:
Maven-0.2-0.8999999999999999-cn.edu.nju.cs.itrace4.core.ir.LSI:0.4521688325089701
Maven-0.2-0.8999999999999999-cn.edu.nju.cs.itrace4.core.ir.LSI:0.6162284168939426
we method call finish--
Maven-0.2-0.9999999999999999-cn.edu.nju.cs.itrace4.core.ir.LSI:0.4521688325089701
Maven-0.2-0.9999999999999999-cn.edu.nju.cs.itrace4.core.ir.LSI:0.6162284168939426
273
274
275
276
277
278
279
280
we method call start--
we method call start--
UD_CallData_406:
UD_CallData_406:
we method call start--
we method call start--
UD_CallData_406:
UD_CallData_406:
we method call start--
UD_CallData_406:
we method call finish--
we method call finish--
we method call finish--
we method call finish--
we method call finish--
Maven-0.30000000000000004-0.30000000000000004-cn.edu.nju.cs.itrace4.core.ir.VSM:0.03753643572209238
Maven-0.30000000000000004-0.30000000000000004-cn.edu.nju.cs.itrace4.core.ir.VSM:0.0705591516296988
Maven-0.30000000000000004-0.30000000000000004-cn.edu.nju.cs.itrace4.core.ir.JSD:0.06177339882251425
Maven-0.30000000000000004-0.30000000000000004-cn.edu.nju.cs.itrace4.core.ir.JSD:0.30664979736673936
Maven-0.30000000000000004-0.5-cn.edu.nju.cs.itrace4.core.ir.VSM:0.03753643572209238
Maven-0.30000000000000004-0.5-cn.edu.nju.cs.itrace4.core.ir.VSM:0.0705591516296988
Maven-0.30000000000000004-0.4-cn.edu.nju.cs.itrace4.core.ir.VSM:0.03753643572209238
Maven-0.30000000000000004-0.4-cn.edu.nju.cs.itrace4.core.ir.VSM:0.0705591516296988
Maven-0.30000000000000004-0.4-cn.edu.nju.cs.itrace4.core.ir.JSD:0.06177339882251425
Maven-0.30000000000000004-0.4-cn.edu.nju.cs.itrace4.core.ir.JSD:0.30664979736673936
we method call start--
UD_CallData_406:
we method call start--
UD_CallData_406:
we method call finish--
we method call start--
UD_CallData_406:
Maven-0.30000000000000004-0.2-cn.edu.nju.cs.itrace4.core.ir.LSI:0.1106590402183526
Maven-0.30000000000000004-0.2-cn.edu.nju.cs.itrace4.core.ir.LSI:0.19457414898677772
we method call finish--
we method call finish--
Maven-0.30000000000000004-0.4-cn.edu.nju.cs.itrace4.core.ir.LSI:0.1106590402183526
Maven-0.30000000000000004-0.4-cn.edu.nju.cs.itrace4.core.ir.LSI:0.19457414898677772
Maven-0.30000000000000004-0.30000000000000004-cn.edu.nju.cs.itrace4.core.ir.LSI:0.1106590402183526
Maven-0.30000000000000004-0.30000000000000004-cn.edu.nju.cs.itrace4.core.ir.LSI:0.19457414898677772
281
282
283
284
285
286
287
288
we method call start--
UD_CallData_406:
we method call start--
UD_CallData_406:
we method call finish--
we method call start--
UD_CallData_406:
we method call finish--
Maven-0.30000000000000004-0.6-cn.edu.nju.cs.itrace4.core.ir.VSM:0.06852299590725161
Maven-0.30000000000000004-0.6-cn.edu.nju.cs.itrace4.core.ir.VSM:0.09595504012987732
we method call start--
we method call start--
UD_CallData_406:
UD_CallData_406:
Maven-0.30000000000000004-0.7-cn.edu.nju.cs.itrace4.core.ir.VSM:0.09078268986438065
Maven-0.30000000000000004-0.7-cn.edu.nju.cs.itrace4.core.ir.VSM:0.13183109832223683
we method call finish--
we method call finish--
we method call finish--
Maven-0.30000000000000004-0.5-cn.edu.nju.cs.itrace4.core.ir.JSD:0.049919598024366435
Maven-0.30000000000000004-0.5-cn.edu.nju.cs.itrace4.core.ir.JSD:0.16861996061856066
Maven-0.30000000000000004-0.6-cn.edu.nju.cs.itrace4.core.ir.JSD:0.049919598024366435
Maven-0.30000000000000004-0.6-cn.edu.nju.cs.itrace4.core.ir.JSD:0.16861996061856066
Maven-0.30000000000000004-0.7-cn.edu.nju.cs.itrace4.core.ir.JSD:0.049919598024366435
Maven-0.30000000000000004-0.7-cn.edu.nju.cs.itrace4.core.ir.JSD:0.16861996061856066
we method call start--
UD_CallData_406:
we method call start--
UD_CallData_406:
we method call start--
UD_CallData_406:
we method call finish--
we method call finish--
Maven-0.30000000000000004-0.5-cn.edu.nju.cs.itrace4.core.ir.LSI:0.06936544742541023
Maven-0.30000000000000004-0.5-cn.edu.nju.cs.itrace4.core.ir.LSI:0.1251734976495188
we method call finish--
Maven-0.30000000000000004-0.7-cn.edu.nju.cs.itrace4.core.ir.LSI:0.06936544742541023
Maven-0.30000000000000004-0.7-cn.edu.nju.cs.itrace4.core.ir.LSI:0.1251734976495188
Maven-0.30000000000000004-0.6-cn.edu.nju.cs.itrace4.core.ir.LSI:0.06936544742541023
Maven-0.30000000000000004-0.6-cn.edu.nju.cs.itrace4.core.ir.LSI:0.1251734976495188
289
290
291
292
293
294
295
296
we method call start--
UD_CallData_406:
we method call start--
UD_CallData_406:
we method call start--
UD_CallData_406:
we method call finish--
we method call start--
UD_CallData_406:
we method call start--
UD_CallData_406:
we method call start--
we method call finish--
UD_CallData_406:
we method call finish--
Maven-0.30000000000000004-0.7999999999999999-cn.edu.nju.cs.itrace4.core.ir.VSM:0.41018831601063244
Maven-0.30000000000000004-0.7999999999999999-cn.edu.nju.cs.itrace4.core.ir.VSM:0.5291766255950334
we method call finish--
Maven-0.30000000000000004-0.8999999999999999-cn.edu.nju.cs.itrace4.core.ir.VSM:0.41018831601063244
Maven-0.30000000000000004-0.8999999999999999-cn.edu.nju.cs.itrace4.core.ir.VSM:0.5291766255950334
we method call finish--
Maven-0.30000000000000004-0.9999999999999999-cn.edu.nju.cs.itrace4.core.ir.VSM:0.41018831601063244
Maven-0.30000000000000004-0.9999999999999999-cn.edu.nju.cs.itrace4.core.ir.VSM:0.5291766255950334
we method call finish--
Maven-0.30000000000000004-0.8999999999999999-cn.edu.nju.cs.itrace4.core.ir.JSD:0.19647978863241822
Maven-0.30000000000000004-0.8999999999999999-cn.edu.nju.cs.itrace4.core.ir.JSD:0.458167052448205
Maven-0.30000000000000004-0.7999999999999999-cn.edu.nju.cs.itrace4.core.ir.JSD:0.19647978863241822
Maven-0.30000000000000004-0.7999999999999999-cn.edu.nju.cs.itrace4.core.ir.JSD:0.458167052448205
Maven-0.30000000000000004-0.9999999999999999-cn.edu.nju.cs.itrace4.core.ir.JSD:0.19647978863241822
Maven-0.30000000000000004-0.9999999999999999-cn.edu.nju.cs.itrace4.core.ir.JSD:0.458167052448205
we method call start--
UD_CallData_406:
we method call start--
UD_CallData_406:
we method call finish--
we method call finish--
Maven-0.30000000000000004-0.7999999999999999-cn.edu.nju.cs.itrace4.core.ir.LSI:0.08463520267285696
Maven-0.30000000000000004-0.7999999999999999-cn.edu.nju.cs.itrace4.core.ir.LSI:0.16930396142388537
Maven-0.30000000000000004-0.8999999999999999-cn.edu.nju.cs.itrace4.core.ir.LSI:0.08463520267285696
Maven-0.30000000000000004-0.8999999999999999-cn.edu.nju.cs.itrace4.core.ir.LSI:0.16930396142388537
297
298
299
300
301
302
303
304
we method call start--
UD_CallData_406:
we method call start--
we method call start--
UD_CallData_406:
we method call start--
UD_CallData_406:
UD_CallData_406:
we method call start--
UD_CallData_406:
we method call finish--
we method call finish--
we method call finish--
we method call finish--
we method call finish--
Maven-0.4-0.4-cn.edu.nju.cs.itrace4.core.ir.VSM:0.00429052053409821
Maven-0.4-0.4-cn.edu.nju.cs.itrace4.core.ir.VSM:0.006612216039478059
Maven-0.4-0.2-cn.edu.nju.cs.itrace4.core.ir.VSM:0.00429052053409821
Maven-0.4-0.2-cn.edu.nju.cs.itrace4.core.ir.VSM:0.006612216039478059
Maven-0.4-0.30000000000000004-cn.edu.nju.cs.itrace4.core.ir.VSM:0.00429052053409821
Maven-0.4-0.30000000000000004-cn.edu.nju.cs.itrace4.core.ir.VSM:0.006612216039478059
Maven-0.4-0.2-cn.edu.nju.cs.itrace4.core.ir.JSD:0.011577027314573619
Maven-0.4-0.2-cn.edu.nju.cs.itrace4.core.ir.JSD:0.048017688226949594
Maven-0.4-0.30000000000000004-cn.edu.nju.cs.itrace4.core.ir.JSD:0.011577027314573619
Maven-0.4-0.30000000000000004-cn.edu.nju.cs.itrace4.core.ir.JSD:0.048017688226949594
we method call start--
UD_CallData_406:
we method call finish--
Maven-0.4-0.2-cn.edu.nju.cs.itrace4.core.ir.LSI:0.23794259902687998
Maven-0.4-0.2-cn.edu.nju.cs.itrace4.core.ir.LSI:0.31508299179984256
we method call start--
UD_CallData_406:
we method call start--
UD_CallData_406:
we method call finish--
we method call finish--
Maven-0.4-0.30000000000000004-cn.edu.nju.cs.itrace4.core.ir.LSI:0.23794259902687998
Maven-0.4-0.30000000000000004-cn.edu.nju.cs.itrace4.core.ir.LSI:0.31508299179984256
Maven-0.30000000000000004-0.9999999999999999-cn.edu.nju.cs.itrace4.core.ir.LSI:0.23794259902687998
Maven-0.30000000000000004-0.9999999999999999-cn.edu.nju.cs.itrace4.core.ir.LSI:0.31508299179984256
305
306
307
308
309
310
311
312
we method call start--
UD_CallData_406:
we method call start--
UD_CallData_406:
we method call start--
UD_CallData_406:
we method call start--
we method call start--
UD_CallData_406:
UD_CallData_406:
we method call finish--
we method call finish--
we method call finish--
Maven-0.4-0.4-cn.edu.nju.cs.itrace4.core.ir.JSD:0.0024692192749677165
Maven-0.4-0.4-cn.edu.nju.cs.itrace4.core.ir.JSD:0.010530620656243165
we method call finish--
Maven-0.4-0.5-cn.edu.nju.cs.itrace4.core.ir.VSM:0.0024964099338362126
Maven-0.4-0.5-cn.edu.nju.cs.itrace4.core.ir.VSM:0.0035126999401233843
we method call finish--
Maven-0.4-0.6-cn.edu.nju.cs.itrace4.core.ir.VSM:0.0024964099338362126
Maven-0.4-0.6-cn.edu.nju.cs.itrace4.core.ir.VSM:0.0035126999401233843
Maven-0.4-0.6-cn.edu.nju.cs.itrace4.core.ir.JSD:0.0024692192749677165
Maven-0.4-0.6-cn.edu.nju.cs.itrace4.core.ir.JSD:0.010530620656243165
Maven-0.4-0.5-cn.edu.nju.cs.itrace4.core.ir.JSD:0.0024692192749677165
Maven-0.4-0.5-cn.edu.nju.cs.itrace4.core.ir.JSD:0.010530620656243165
we method call start--
UD_CallData_406:
we method call start--
UD_CallData_406:
we method call start--
UD_CallData_406:
we method call finish--
we method call finish--
Maven-0.4-0.4-cn.edu.nju.cs.itrace4.core.ir.LSI:0.002560923307106555
Maven-0.4-0.4-cn.edu.nju.cs.itrace4.core.ir.LSI:0.004519660154314211
Maven-0.4-0.6-cn.edu.nju.cs.itrace4.core.ir.LSI:0.002560923307106555
Maven-0.4-0.6-cn.edu.nju.cs.itrace4.core.ir.LSI:0.004519660154314211
we method call finish--
Maven-0.4-0.5-cn.edu.nju.cs.itrace4.core.ir.LSI:0.002560923307106555
Maven-0.4-0.5-cn.edu.nju.cs.itrace4.core.ir.LSI:0.004519660154314211
313
314
315
316
317
318
319
320
we method call start--
UD_CallData_406:
we method call start--
UD_CallData_406:
we method call start--
UD_CallData_406:
we method call start--
UD_CallData_406:
we method call start--
UD_CallData_406:
we method call start--
we method call finish--
UD_CallData_406:
we method call finish--
we method call finish--
Maven-0.4-0.7-cn.edu.nju.cs.itrace4.core.ir.VSM:0.0017893648436818968
Maven-0.4-0.7-cn.edu.nju.cs.itrace4.core.ir.VSM:0.0028860859580908554
we method call finish--
we method call finish--
Maven-0.4-0.8999999999999999-cn.edu.nju.cs.itrace4.core.ir.VSM:0.0017893648436818968
Maven-0.4-0.8999999999999999-cn.edu.nju.cs.itrace4.core.ir.VSM:0.0028860859580908554
we method call finish--
Maven-0.4-0.7-cn.edu.nju.cs.itrace4.core.ir.JSD:0.0031570437833082082
Maven-0.4-0.7-cn.edu.nju.cs.itrace4.core.ir.JSD:0.009630773491736293
Maven-0.4-0.7999999999999999-cn.edu.nju.cs.itrace4.core.ir.JSD:0.0031570437833082082
Maven-0.4-0.7999999999999999-cn.edu.nju.cs.itrace4.core.ir.JSD:0.009630773491736293
Maven-0.4-0.7999999999999999-cn.edu.nju.cs.itrace4.core.ir.VSM:0.0017893648436818968
Maven-0.4-0.7999999999999999-cn.edu.nju.cs.itrace4.core.ir.VSM:0.0028860859580908554
Maven-0.4-0.8999999999999999-cn.edu.nju.cs.itrace4.core.ir.JSD:0.0031570437833082082
Maven-0.4-0.8999999999999999-cn.edu.nju.cs.itrace4.core.ir.JSD:0.009630773491736293
we method call start--
we method call start--
UD_CallData_406:
UD_CallData_406:
we method call finish--
we method call finish--
Maven-0.4-0.7-cn.edu.nju.cs.itrace4.core.ir.LSI:0.003271773091765065
Maven-0.4-0.7-cn.edu.nju.cs.itrace4.core.ir.LSI:0.005742470204704478
Maven-0.4-0.7999999999999999-cn.edu.nju.cs.itrace4.core.ir.LSI:0.003271773091765065
Maven-0.4-0.7999999999999999-cn.edu.nju.cs.itrace4.core.ir.LSI:0.005742470204704478
321
322
323
324
325
326
327
328
we method call start--
UD_CallData_406:
we method call start--
we method call start--
UD_CallData_406:
UD_CallData_406:
we method call start--
UD_CallData_406:
we method call start--
we method call finish--
UD_CallData_406:
we method call finish--
we method call finish--
Maven-0.5-0.2-cn.edu.nju.cs.itrace4.core.ir.VSM:0.003600766371236259
Maven-0.5-0.2-cn.edu.nju.cs.itrace4.core.ir.VSM:0.005723082138643724
Maven-0.4-0.9999999999999999-cn.edu.nju.cs.itrace4.core.ir.VSM:0.003600766371236259
Maven-0.4-0.9999999999999999-cn.edu.nju.cs.itrace4.core.ir.VSM:0.005723082138643724
Maven-0.5-0.30000000000000004-cn.edu.nju.cs.itrace4.core.ir.VSM:0.003600766371236259
Maven-0.5-0.30000000000000004-cn.edu.nju.cs.itrace4.core.ir.VSM:0.005723082138643724
we method call finish--
we method call finish--
Maven-0.5-0.2-cn.edu.nju.cs.itrace4.core.ir.JSD:0.007066607680545946
Maven-0.5-0.2-cn.edu.nju.cs.itrace4.core.ir.JSD:0.02396933203309666
Maven-0.4-0.9999999999999999-cn.edu.nju.cs.itrace4.core.ir.JSD:0.007066607680545946
Maven-0.4-0.9999999999999999-cn.edu.nju.cs.itrace4.core.ir.JSD:0.02396933203309666
we method call start--
UD_CallData_406:
we method call start--
UD_CallData_406:
we method call start--
UD_CallData_406:
we method call finish--
we method call finish--
Maven-0.4-0.9999999999999999-cn.edu.nju.cs.itrace4.core.ir.LSI:0.004245976761557208
Maven-0.4-0.9999999999999999-cn.edu.nju.cs.itrace4.core.ir.LSI:0.005959681547335488
Maven-0.4-0.8999999999999999-cn.edu.nju.cs.itrace4.core.ir.LSI:0.004245976761557208
Maven-0.4-0.8999999999999999-cn.edu.nju.cs.itrace4.core.ir.LSI:0.005959681547335488
we method call finish--
Maven-0.5-0.2-cn.edu.nju.cs.itrace4.core.ir.LSI:0.004245976761557208
Maven-0.5-0.2-cn.edu.nju.cs.itrace4.core.ir.LSI:0.005959681547335488
329
330
331
332
333
334
335
336
we method call start--
UD_CallData_406:
we method call start--
UD_CallData_406:
we method call start--
UD_CallData_406:
we method call start--
we method call start--
UD_CallData_406:
UD_CallData_406:
we method call finish--
we method call finish--
we method call finish--
Maven-0.5-0.4-cn.edu.nju.cs.itrace4.core.ir.VSM:0.0021955865055230343
Maven-0.5-0.4-cn.edu.nju.cs.itrace4.core.ir.VSM:0.002844758090278354
we method call finish--
Maven-0.5-0.30000000000000004-cn.edu.nju.cs.itrace4.core.ir.JSD:0.0018786026713297902
Maven-0.5-0.30000000000000004-cn.edu.nju.cs.itrace4.core.ir.JSD:0.0032139419527056393
we method call finish--
Maven-0.5-0.4-cn.edu.nju.cs.itrace4.core.ir.JSD:0.0018786026713297902
Maven-0.5-0.4-cn.edu.nju.cs.itrace4.core.ir.JSD:0.0032139419527056393
Maven-0.5-0.5-cn.edu.nju.cs.itrace4.core.ir.VSM:0.0021955865055230343
Maven-0.5-0.5-cn.edu.nju.cs.itrace4.core.ir.VSM:0.002844758090278354
Maven-0.5-0.5-cn.edu.nju.cs.itrace4.core.ir.JSD:0.0018786026713297902
Maven-0.5-0.5-cn.edu.nju.cs.itrace4.core.ir.JSD:0.0032139419527056393
we method call start--
UD_CallData_406:
we method call start--
UD_CallData_406:
we method call start--
UD_CallData_406:
we method call finish--
we method call finish--
Maven-0.5-0.30000000000000004-cn.edu.nju.cs.itrace4.core.ir.LSI:0.0024245030653899137
Maven-0.5-0.30000000000000004-cn.edu.nju.cs.itrace4.core.ir.LSI:0.003500280278887361
we method call finish--
Maven-0.5-0.5-cn.edu.nju.cs.itrace4.core.ir.LSI:0.0024245030653899137
Maven-0.5-0.5-cn.edu.nju.cs.itrace4.core.ir.LSI:0.003500280278887361
Maven-0.5-0.4-cn.edu.nju.cs.itrace4.core.ir.LSI:0.0024245030653899137
Maven-0.5-0.4-cn.edu.nju.cs.itrace4.core.ir.LSI:0.003500280278887361
337
338
339
340
341
342
343
344
we method call start--
UD_CallData_406:
we method call start--
UD_CallData_406:
we method call start--
UD_CallData_406:
we method call start--
UD_CallData_406:
we method call start--
UD_CallData_406:
we method call start--
UD_CallData_406:
we method call finish--
we method call finish--
Maven-0.5-0.7999999999999999-cn.edu.nju.cs.itrace4.core.ir.VSM:0.0017560926748695202
Maven-0.5-0.7999999999999999-cn.edu.nju.cs.itrace4.core.ir.VSM:0.002328724806181853
we method call finish--
we method call finish--
we method call finish--
Maven-0.5-0.7-cn.edu.nju.cs.itrace4.core.ir.VSM:0.0017560926748695202
Maven-0.5-0.7-cn.edu.nju.cs.itrace4.core.ir.VSM:0.002328724806181853
Maven-0.5-0.6-cn.edu.nju.cs.itrace4.core.ir.VSM:0.0017560926748695202
Maven-0.5-0.6-cn.edu.nju.cs.itrace4.core.ir.VSM:0.002328724806181853
Maven-0.5-0.7-cn.edu.nju.cs.itrace4.core.ir.JSD:0.0017693326871548887
Maven-0.5-0.7-cn.edu.nju.cs.itrace4.core.ir.JSD:0.003225433113049852
Maven-0.5-0.6-cn.edu.nju.cs.itrace4.core.ir.JSD:0.0017693326871548887
Maven-0.5-0.6-cn.edu.nju.cs.itrace4.core.ir.JSD:0.003225433113049852
we method call finish--
Maven-0.5-0.7999999999999999-cn.edu.nju.cs.itrace4.core.ir.JSD:0.0017693326871548887
Maven-0.5-0.7999999999999999-cn.edu.nju.cs.itrace4.core.ir.JSD:0.003225433113049852
we method call start--
UD_CallData_406:
we method call start--
UD_CallData_406:
we method call finish--
we method call finish--
Maven-0.5-0.6-cn.edu.nju.cs.itrace4.core.ir.LSI:0.0020238997821345607
Maven-0.5-0.6-cn.edu.nju.cs.itrace4.core.ir.LSI:0.0030025793218328763
Maven-0.5-0.7-cn.edu.nju.cs.itrace4.core.ir.LSI:0.0020238997821345607
Maven-0.5-0.7-cn.edu.nju.cs.itrace4.core.ir.LSI:0.0030025793218328763
345
346
347
348
349
350
351
352
we method call start--
UD_CallData_406:
we method call start--
UD_CallData_406:
we method call start--
UD_CallData_406:
we method call start--
UD_CallData_406:
we method call start--
UD_CallData_406:
we method call finish--
we method call finish--
we method call finish--
Maven-0.5-0.8999999999999999-cn.edu.nju.cs.itrace4.core.ir.VSM:0.007425595137040106
Maven-0.5-0.8999999999999999-cn.edu.nju.cs.itrace4.core.ir.VSM:0.008686837835865824
Maven-0.6-0.2-cn.edu.nju.cs.itrace4.core.ir.VSM:0.007425595137040106
Maven-0.6-0.2-cn.edu.nju.cs.itrace4.core.ir.VSM:0.008686837835865824
we method call finish--
we method call finish--
Maven-0.5-0.9999999999999999-cn.edu.nju.cs.itrace4.core.ir.VSM:0.007425595137040106
Maven-0.5-0.9999999999999999-cn.edu.nju.cs.itrace4.core.ir.VSM:0.008686837835865824
Maven-0.5-0.8999999999999999-cn.edu.nju.cs.itrace4.core.ir.JSD:0.0017693326871548887
Maven-0.5-0.8999999999999999-cn.edu.nju.cs.itrace4.core.ir.JSD:0.003225433113049852
Maven-0.5-0.9999999999999999-cn.edu.nju.cs.itrace4.core.ir.JSD:0.0017693326871548887
Maven-0.5-0.9999999999999999-cn.edu.nju.cs.itrace4.core.ir.JSD:0.003225433113049852
we method call start--
UD_CallData_406:
we method call start--
UD_CallData_406:
we method call start--
UD_CallData_406:
we method call finish--
we method call finish--
Maven-0.5-0.7999999999999999-cn.edu.nju.cs.itrace4.core.ir.LSI:0.0023372865336034666
Maven-0.5-0.7999999999999999-cn.edu.nju.cs.itrace4.core.ir.LSI:0.0032834524617087646
we method call finish--
Maven-0.5-0.9999999999999999-cn.edu.nju.cs.itrace4.core.ir.LSI:0.0023372865336034666
Maven-0.5-0.9999999999999999-cn.edu.nju.cs.itrace4.core.ir.LSI:0.0032834524617087646
Maven-0.5-0.8999999999999999-cn.edu.nju.cs.itrace4.core.ir.LSI:0.0023372865336034666
Maven-0.5-0.8999999999999999-cn.edu.nju.cs.itrace4.core.ir.LSI:0.0032834524617087646
353
354
355
356
357
358
359
360
we method call start--
UD_CallData_406:
we method call start--
UD_CallData_406:
we method call start--
we method call start--
UD_CallData_406:
UD_CallData_406:
we method call start--
UD_CallData_406:
we method call finish--
we method call finish--
we method call finish--
we method call finish--
we method call finish--
Maven-0.6-0.30000000000000004-cn.edu.nju.cs.itrace4.core.ir.JSD:0.005063248322720607
Maven-0.6-0.30000000000000004-cn.edu.nju.cs.itrace4.core.ir.JSD:0.012096185424593484
Maven-0.6-0.4-cn.edu.nju.cs.itrace4.core.ir.VSM:0.0019572851564584066
Maven-0.6-0.4-cn.edu.nju.cs.itrace4.core.ir.VSM:0.002533090274652153
Maven-0.6-0.30000000000000004-cn.edu.nju.cs.itrace4.core.ir.VSM:0.0019572851564584066
Maven-0.6-0.30000000000000004-cn.edu.nju.cs.itrace4.core.ir.VSM:0.002533090274652153
Maven-0.6-0.2-cn.edu.nju.cs.itrace4.core.ir.JSD:0.005063248322720607
Maven-0.6-0.2-cn.edu.nju.cs.itrace4.core.ir.JSD:0.012096185424593484
Maven-0.6-0.4-cn.edu.nju.cs.itrace4.core.ir.JSD:0.005063248322720607
Maven-0.6-0.4-cn.edu.nju.cs.itrace4.core.ir.JSD:0.012096185424593484
we method call start--
UD_CallData_406:
we method call start--
UD_CallData_406:
we method call start--
UD_CallData_406:
we method call finish--
we method call finish--
Maven-0.6-0.30000000000000004-cn.edu.nju.cs.itrace4.core.ir.LSI:0.00806037863975765
Maven-0.6-0.30000000000000004-cn.edu.nju.cs.itrace4.core.ir.LSI:0.009912236461329901
we method call finish--
Maven-0.6-0.2-cn.edu.nju.cs.itrace4.core.ir.LSI:0.00806037863975765
Maven-0.6-0.2-cn.edu.nju.cs.itrace4.core.ir.LSI:0.009912236461329901
Maven-0.6-0.4-cn.edu.nju.cs.itrace4.core.ir.LSI:0.00806037863975765
Maven-0.6-0.4-cn.edu.nju.cs.itrace4.core.ir.LSI:0.009912236461329901
361
362
363
364
365
366
367
368
we method call start--
UD_CallData_406:
we method call start--
UD_CallData_406:
we method call start--
UD_CallData_406:
we method call start--
UD_CallData_406:
we method call finish--
we method call start--
we method call start--
UD_CallData_406:
UD_CallData_406:
Maven-0.6-0.5-cn.edu.nju.cs.itrace4.core.ir.VSM:0.0034387792776343785
Maven-0.6-0.5-cn.edu.nju.cs.itrace4.core.ir.VSM:0.004335487632769343
we method call finish--
we method call finish--
Maven-0.6-0.7-cn.edu.nju.cs.itrace4.core.ir.VSM:0.0034387792776343785
Maven-0.6-0.7-cn.edu.nju.cs.itrace4.core.ir.VSM:0.004335487632769343
we method call finish--
Maven-0.6-0.6-cn.edu.nju.cs.itrace4.core.ir.VSM:0.0034387792776343785
Maven-0.6-0.6-cn.edu.nju.cs.itrace4.core.ir.VSM:0.004335487632769343
we method call finish--
we method call finish--
Maven-0.6-0.5-cn.edu.nju.cs.itrace4.core.ir.JSD:0.004994349993661005
Maven-0.6-0.5-cn.edu.nju.cs.itrace4.core.ir.JSD:0.005665271638410012
Maven-0.6-0.7-cn.edu.nju.cs.itrace4.core.ir.JSD:0.004994349993661005
Maven-0.6-0.7-cn.edu.nju.cs.itrace4.core.ir.JSD:0.005665271638410012
Maven-0.6-0.6-cn.edu.nju.cs.itrace4.core.ir.JSD:0.004994349993661005
Maven-0.6-0.6-cn.edu.nju.cs.itrace4.core.ir.JSD:0.005665271638410012
we method call start--
UD_CallData_406:
we method call start--
UD_CallData_406:
we method call finish--
we method call finish--
Maven-0.6-0.6-cn.edu.nju.cs.itrace4.core.ir.LSI:0.006205059293881778
Maven-0.6-0.6-cn.edu.nju.cs.itrace4.core.ir.LSI:0.007775318815110292
Maven-0.6-0.5-cn.edu.nju.cs.itrace4.core.ir.LSI:0.006205059293881778
Maven-0.6-0.5-cn.edu.nju.cs.itrace4.core.ir.LSI:0.007775318815110292
369
370
371
372
373
374
375
376
we method call start--
UD_CallData_406:
we method call start--
UD_CallData_406:
we method call start--
UD_CallData_406:
we method call start--
UD_CallData_406:
we method call start--
UD_CallData_406:
we method call finish--
we method call finish--
Maven-0.6-0.7999999999999999-cn.edu.nju.cs.itrace4.core.ir.VSM:0.0038096496391702987
Maven-0.6-0.7999999999999999-cn.edu.nju.cs.itrace4.core.ir.VSM:0.004662409617074289
we method call finish--
Maven-0.6-0.9999999999999999-cn.edu.nju.cs.itrace4.core.ir.VSM:0.0038096496391702987
Maven-0.6-0.9999999999999999-cn.edu.nju.cs.itrace4.core.ir.VSM:0.004662409617074289
we method call finish--
we method call finish--
Maven-0.6-0.8999999999999999-cn.edu.nju.cs.itrace4.core.ir.VSM:0.0038096496391702987
Maven-0.6-0.8999999999999999-cn.edu.nju.cs.itrace4.core.ir.VSM:0.004662409617074289
Maven-0.6-0.7999999999999999-cn.edu.nju.cs.itrace4.core.ir.JSD:0.005402393660983312
Maven-0.6-0.7999999999999999-cn.edu.nju.cs.itrace4.core.ir.JSD:0.006081255729525168
Maven-0.6-0.8999999999999999-cn.edu.nju.cs.itrace4.core.ir.JSD:0.005402393660983312
Maven-0.6-0.8999999999999999-cn.edu.nju.cs.itrace4.core.ir.JSD:0.006081255729525168
we method call start--
UD_CallData_406:
we method call start--
UD_CallData_406:
we method call start--
UD_CallData_406:
we method call finish--
we method call finish--
Maven-0.6-0.7999999999999999-cn.edu.nju.cs.itrace4.core.ir.LSI:0.0054763545892534266
Maven-0.6-0.7999999999999999-cn.edu.nju.cs.itrace4.core.ir.LSI:0.007376803498606886
Maven-0.6-0.7-cn.edu.nju.cs.itrace4.core.ir.LSI:0.0054763545892534266
Maven-0.6-0.7-cn.edu.nju.cs.itrace4.core.ir.LSI:0.007376803498606886
we method call finish--
Maven-0.6-0.8999999999999999-cn.edu.nju.cs.itrace4.core.ir.LSI:0.0054763545892534266
Maven-0.6-0.8999999999999999-cn.edu.nju.cs.itrace4.core.ir.LSI:0.007376803498606886
377
378
379
380
381
382
383
384
we method call start--
UD_CallData_406:
we method call start--
UD_CallData_406:
we method call start--
UD_CallData_406:
we method call start--
UD_CallData_406:
we method call start--
UD_CallData_406:
we method call finish--
we method call finish--
we method call finish--
Maven-0.6-0.9999999999999999-cn.edu.nju.cs.itrace4.core.ir.JSD:0.024176764067393417
Maven-0.6-0.9999999999999999-cn.edu.nju.cs.itrace4.core.ir.JSD:0.025454328848799505
we method call finish--
we method call finish--
Maven-0.7-0.30000000000000004-cn.edu.nju.cs.itrace4.core.ir.VSM:0.012953743852423677
Maven-0.7-0.30000000000000004-cn.edu.nju.cs.itrace4.core.ir.VSM:0.015383772740681288
Maven-0.7-0.2-cn.edu.nju.cs.itrace4.core.ir.VSM:0.012953743852423677
Maven-0.7-0.2-cn.edu.nju.cs.itrace4.core.ir.VSM:0.015383772740681288
Maven-0.7-0.30000000000000004-cn.edu.nju.cs.itrace4.core.ir.JSD:0.024176764067393417
Maven-0.7-0.30000000000000004-cn.edu.nju.cs.itrace4.core.ir.JSD:0.025454328848799505
Maven-0.7-0.2-cn.edu.nju.cs.itrace4.core.ir.JSD:0.024176764067393417
Maven-0.7-0.2-cn.edu.nju.cs.itrace4.core.ir.JSD:0.025454328848799505
we method call start--
UD_CallData_406:
we method call start--
UD_CallData_406:
we method call start--
UD_CallData_406:
we method call finish--
we method call finish--
Maven-0.6-0.9999999999999999-cn.edu.nju.cs.itrace4.core.ir.LSI:0.015059546618087713
Maven-0.6-0.9999999999999999-cn.edu.nju.cs.itrace4.core.ir.LSI:0.016996425396663656
Maven-0.7-0.2-cn.edu.nju.cs.itrace4.core.ir.LSI:0.015059546618087713
Maven-0.7-0.2-cn.edu.nju.cs.itrace4.core.ir.LSI:0.016996425396663656
we method call finish--
Maven-0.7-0.30000000000000004-cn.edu.nju.cs.itrace4.core.ir.LSI:0.015059546618087713
Maven-0.7-0.30000000000000004-cn.edu.nju.cs.itrace4.core.ir.LSI:0.016996425396663656
385
386
387
388
389
390
391
392
we method call start--
UD_CallData_406:
we method call start--
UD_CallData_406:
we method call start--
UD_CallData_406:
we method call start--
UD_CallData_406:
we method call start--
UD_CallData_406:
we method call start--
UD_CallData_406:
we method call finish--
we method call finish--
Maven-0.7-0.4-cn.edu.nju.cs.itrace4.core.ir.VSM:0.013361016344767843
Maven-0.7-0.4-cn.edu.nju.cs.itrace4.core.ir.VSM:0.014831656281366661
we method call finish--
we method call finish--
Maven-0.7-0.4-cn.edu.nju.cs.itrace4.core.ir.JSD:0.02197847967589193
Maven-0.7-0.4-cn.edu.nju.cs.itrace4.core.ir.JSD:0.022299946816430747
Maven-0.7-0.5-cn.edu.nju.cs.itrace4.core.ir.JSD:0.02197847967589193
Maven-0.7-0.5-cn.edu.nju.cs.itrace4.core.ir.JSD:0.022299946816430747
Maven-0.7-0.6-cn.edu.nju.cs.itrace4.core.ir.VSM:0.013361016344767843
Maven-0.7-0.6-cn.edu.nju.cs.itrace4.core.ir.VSM:0.014831656281366661
we method call finish--
we method call finish--
Maven-0.7-0.5-cn.edu.nju.cs.itrace4.core.ir.VSM:0.013361016344767843
Maven-0.7-0.5-cn.edu.nju.cs.itrace4.core.ir.VSM:0.014831656281366661
Maven-0.7-0.6-cn.edu.nju.cs.itrace4.core.ir.JSD:0.02197847967589193
Maven-0.7-0.6-cn.edu.nju.cs.itrace4.core.ir.JSD:0.022299946816430747
we method call start--
we method call start--
UD_CallData_406:
UD_CallData_406:
we method call finish--
we method call finish--
Maven-0.7-0.5-cn.edu.nju.cs.itrace4.core.ir.LSI:0.01010392696675886
Maven-0.7-0.5-cn.edu.nju.cs.itrace4.core.ir.LSI:0.012286539488372545
Maven-0.7-0.4-cn.edu.nju.cs.itrace4.core.ir.LSI:0.01010392696675886
Maven-0.7-0.4-cn.edu.nju.cs.itrace4.core.ir.LSI:0.012286539488372545
393
394
395
396
397
398
399
400
we method call start--
UD_CallData_406:
we method call start--
UD_CallData_406:
we method call start--
UD_CallData_406:
we method call start--
UD_CallData_406:
we method call start--
UD_CallData_406:
we method call finish--
we method call finish--
we method call finish--
we method call finish--
Maven-0.7-0.7999999999999999-cn.edu.nju.cs.itrace4.core.ir.JSD:0.013237662252820232
Maven-0.7-0.7999999999999999-cn.edu.nju.cs.itrace4.core.ir.JSD:0.01303430854177151
we method call finish--
Maven-0.7-0.8999999999999999-cn.edu.nju.cs.itrace4.core.ir.VSM:0.009599943882087326
Maven-0.7-0.8999999999999999-cn.edu.nju.cs.itrace4.core.ir.VSM:0.010766955542915369
Maven-0.7-0.7999999999999999-cn.edu.nju.cs.itrace4.core.ir.VSM:0.009599943882087326
Maven-0.7-0.7999999999999999-cn.edu.nju.cs.itrace4.core.ir.VSM:0.010766955542915369
Maven-0.7-0.7-cn.edu.nju.cs.itrace4.core.ir.JSD:0.013237662252820232
Maven-0.7-0.7-cn.edu.nju.cs.itrace4.core.ir.JSD:0.01303430854177151
Maven-0.7-0.7-cn.edu.nju.cs.itrace4.core.ir.VSM:0.009599943882087326
Maven-0.7-0.7-cn.edu.nju.cs.itrace4.core.ir.VSM:0.010766955542915369
we method call start--
UD_CallData_406:
we method call start--
UD_CallData_406:
we method call start--
UD_CallData_406:
we method call finish--
Maven-0.7-0.7999999999999999-cn.edu.nju.cs.itrace4.core.ir.LSI:0.014876989710416696
Maven-0.7-0.7999999999999999-cn.edu.nju.cs.itrace4.core.ir.LSI:0.018044406817542057
we method call finish--
Maven-0.7-0.7-cn.edu.nju.cs.itrace4.core.ir.LSI:0.014876989710416696
Maven-0.7-0.7-cn.edu.nju.cs.itrace4.core.ir.LSI:0.018044406817542057
we method call finish--
Maven-0.7-0.6-cn.edu.nju.cs.itrace4.core.ir.LSI:0.014876989710416696
Maven-0.7-0.6-cn.edu.nju.cs.itrace4.core.ir.LSI:0.018044406817542057
401
402
403
404
405
406
407
408
we method call start--
UD_CallData_406:
we method call start--
UD_CallData_406:
we method call start--
UD_CallData_406:
we method call start--
UD_CallData_406:
we method call start--
UD_CallData_406:
we method call finish--
we method call finish--
Maven-0.7999999999999999-0.2-cn.edu.nju.cs.itrace4.core.ir.VSM:0.031863453908150235
Maven-0.7999999999999999-0.2-cn.edu.nju.cs.itrace4.core.ir.VSM:0.03302594177650469
Maven-0.7999999999999999-0.2-cn.edu.nju.cs.itrace4.core.ir.JSD:0.028027441691829618
Maven-0.7999999999999999-0.2-cn.edu.nju.cs.itrace4.core.ir.JSD:0.029892586955361584
we method call finish--
we method call finish--
we method call finish--
Maven-0.7-0.9999999999999999-cn.edu.nju.cs.itrace4.core.ir.JSD:0.028027441691829618
Maven-0.7-0.9999999999999999-cn.edu.nju.cs.itrace4.core.ir.JSD:0.029892586955361584
Maven-0.7-0.8999999999999999-cn.edu.nju.cs.itrace4.core.ir.JSD:0.028027441691829618
Maven-0.7-0.8999999999999999-cn.edu.nju.cs.itrace4.core.ir.JSD:0.029892586955361584
Maven-0.7-0.9999999999999999-cn.edu.nju.cs.itrace4.core.ir.VSM:0.031863453908150235
Maven-0.7-0.9999999999999999-cn.edu.nju.cs.itrace4.core.ir.VSM:0.03302594177650469
we method call start--
UD_CallData_406:
we method call start--
UD_CallData_406:
we method call start--
UD_CallData_406:
we method call finish--
we method call finish--
Maven-0.7999999999999999-0.2-cn.edu.nju.cs.itrace4.core.ir.LSI:0.04068145645033379
Maven-0.7999999999999999-0.2-cn.edu.nju.cs.itrace4.core.ir.LSI:0.04521989779485648
Maven-0.7-0.8999999999999999-cn.edu.nju.cs.itrace4.core.ir.LSI:0.04068145645033379
Maven-0.7-0.8999999999999999-cn.edu.nju.cs.itrace4.core.ir.LSI:0.04521989779485648
we method call finish--
Maven-0.7-0.9999999999999999-cn.edu.nju.cs.itrace4.core.ir.LSI:0.04068145645033379
Maven-0.7-0.9999999999999999-cn.edu.nju.cs.itrace4.core.ir.LSI:0.04521989779485648
409
410
411
412
413
414
415
416
we method call start--
UD_CallData_406:
we method call start--
UD_CallData_406:
we method call start--
UD_CallData_406:
we method call start--
UD_CallData_406:
we method call start--
UD_CallData_406:
we method call start--
UD_CallData_406:
we method call finish--
Maven-0.7999999999999999-0.4-cn.edu.nju.cs.itrace4.core.ir.VSM:0.006723281089612528
Maven-0.7999999999999999-0.4-cn.edu.nju.cs.itrace4.core.ir.VSM:0.007724471201908691
we method call finish--
Maven-0.7999999999999999-0.30000000000000004-cn.edu.nju.cs.itrace4.core.ir.VSM:0.006723281089612528
Maven-0.7999999999999999-0.30000000000000004-cn.edu.nju.cs.itrace4.core.ir.VSM:0.007724471201908691
we method call finish--
we method call finish--
we method call finish--
we method call finish--
Maven-0.7999999999999999-0.30000000000000004-cn.edu.nju.cs.itrace4.core.ir.JSD:0.009849063426814691
Maven-0.7999999999999999-0.30000000000000004-cn.edu.nju.cs.itrace4.core.ir.JSD:0.010233547702896443
Maven-0.7999999999999999-0.4-cn.edu.nju.cs.itrace4.core.ir.JSD:0.009849063426814691
Maven-0.7999999999999999-0.4-cn.edu.nju.cs.itrace4.core.ir.JSD:0.010233547702896443
Maven-0.7999999999999999-0.5-cn.edu.nju.cs.itrace4.core.ir.VSM:0.006723281089612528
Maven-0.7999999999999999-0.5-cn.edu.nju.cs.itrace4.core.ir.VSM:0.007724471201908691
Maven-0.7999999999999999-0.5-cn.edu.nju.cs.itrace4.core.ir.JSD:0.009849063426814691
Maven-0.7999999999999999-0.5-cn.edu.nju.cs.itrace4.core.ir.JSD:0.010233547702896443
we method call start--
UD_CallData_406:
we method call start--
UD_CallData_406:
we method call finish--
we method call finish--
Maven-0.7999999999999999-0.30000000000000004-cn.edu.nju.cs.itrace4.core.ir.LSI:0.0045826082804586036
Maven-0.7999999999999999-0.30000000000000004-cn.edu.nju.cs.itrace4.core.ir.LSI:0.005627024493514514
Maven-0.7999999999999999-0.4-cn.edu.nju.cs.itrace4.core.ir.LSI:0.0045826082804586036
Maven-0.7999999999999999-0.4-cn.edu.nju.cs.itrace4.core.ir.LSI:0.005627024493514514
417
418
419
420
421
422
423
424
we method call start--
UD_CallData_406:
we method call start--
UD_CallData_406:
we method call start--
UD_CallData_406:
we method call start--
UD_CallData_406:
we method call start--
UD_CallData_406:
we method call finish--
we method call finish--
we method call finish--
we method call finish--
Maven-0.7999999999999999-0.7-cn.edu.nju.cs.itrace4.core.ir.VSM:0.008943586595813287
Maven-0.7999999999999999-0.7-cn.edu.nju.cs.itrace4.core.ir.VSM:0.00966169133758943
Maven-0.7999999999999999-0.6-cn.edu.nju.cs.itrace4.core.ir.VSM:0.008943586595813287
Maven-0.7999999999999999-0.6-cn.edu.nju.cs.itrace4.core.ir.VSM:0.00966169133758943
we method call finish--
Maven-0.7999999999999999-0.7999999999999999-cn.edu.nju.cs.itrace4.core.ir.VSM:0.006723281089612528
Maven-0.7999999999999999-0.7999999999999999-cn.edu.nju.cs.itrace4.core.ir.VSM:0.007724471201908691
Maven-0.7999999999999999-0.7-cn.edu.nju.cs.itrace4.core.ir.JSD:0.009849063426814691
Maven-0.7999999999999999-0.7-cn.edu.nju.cs.itrace4.core.ir.JSD:0.010233547702896443
Maven-0.7999999999999999-0.6-cn.edu.nju.cs.itrace4.core.ir.JSD:0.009849063426814691
Maven-0.7999999999999999-0.6-cn.edu.nju.cs.itrace4.core.ir.JSD:0.010233547702896443
we method call start--
UD_CallData_406:
we method call start--
UD_CallData_406:
we method call start--
UD_CallData_406:
we method call finish--
we method call finish--
Maven-0.7999999999999999-0.7-cn.edu.nju.cs.itrace4.core.ir.LSI:0.014876989710416696
Maven-0.7999999999999999-0.7-cn.edu.nju.cs.itrace4.core.ir.LSI:0.018044406817542057
Maven-0.7999999999999999-0.5-cn.edu.nju.cs.itrace4.core.ir.LSI:0.014876989710416696
Maven-0.7999999999999999-0.5-cn.edu.nju.cs.itrace4.core.ir.LSI:0.018044406817542057
we method call finish--
Maven-0.7999999999999999-0.6-cn.edu.nju.cs.itrace4.core.ir.LSI:0.014876989710416696
Maven-0.7999999999999999-0.6-cn.edu.nju.cs.itrace4.core.ir.LSI:0.018044406817542057
425
426
427
428
429
430
431
432
we method call start--
UD_CallData_406:
we method call start--
UD_CallData_406:
we method call start--
UD_CallData_406:
we method call start--
UD_CallData_406:
we method call start--
UD_CallData_406:
we method call finish--
we method call finish--
Maven-0.7999999999999999-0.8999999999999999-cn.edu.nju.cs.itrace4.core.ir.JSD:0.028027441691829618
Maven-0.7999999999999999-0.8999999999999999-cn.edu.nju.cs.itrace4.core.ir.JSD:0.029892586955361584
we method call finish--
Maven-0.7999999999999999-0.9999999999999999-cn.edu.nju.cs.itrace4.core.ir.VSM:0.031863453908150235
Maven-0.7999999999999999-0.9999999999999999-cn.edu.nju.cs.itrace4.core.ir.VSM:0.03302594177650469
Maven-0.7999999999999999-0.9999999999999999-cn.edu.nju.cs.itrace4.core.ir.JSD:0.028027441691829618
Maven-0.7999999999999999-0.9999999999999999-cn.edu.nju.cs.itrace4.core.ir.JSD:0.029892586955361584
we method call finish--
we method call finish--
Maven-0.7999999999999999-0.7999999999999999-cn.edu.nju.cs.itrace4.core.ir.JSD:0.028027441691829618
Maven-0.7999999999999999-0.7999999999999999-cn.edu.nju.cs.itrace4.core.ir.JSD:0.029892586955361584
Maven-0.7999999999999999-0.8999999999999999-cn.edu.nju.cs.itrace4.core.ir.VSM:0.031863453908150235
Maven-0.7999999999999999-0.8999999999999999-cn.edu.nju.cs.itrace4.core.ir.VSM:0.03302594177650469
we method call start--
UD_CallData_406:
we method call start--
UD_CallData_406:
we method call start--
UD_CallData_406:
we method call finish--
Maven-0.7999999999999999-0.8999999999999999-cn.edu.nju.cs.itrace4.core.ir.LSI:0.015666555149968887
Maven-0.7999999999999999-0.8999999999999999-cn.edu.nju.cs.itrace4.core.ir.LSI:0.018424346373940994
we method call finish--
we method call finish--
Maven-0.7999999999999999-0.7999999999999999-cn.edu.nju.cs.itrace4.core.ir.LSI:0.015666555149968887
Maven-0.7999999999999999-0.7999999999999999-cn.edu.nju.cs.itrace4.core.ir.LSI:0.018424346373940994
Maven-0.7999999999999999-0.9999999999999999-cn.edu.nju.cs.itrace4.core.ir.LSI:0.015666555149968887
Maven-0.7999999999999999-0.9999999999999999-cn.edu.nju.cs.itrace4.core.ir.LSI:0.018424346373940994
433
434
435
436
437
438
439
440
we method call start--
UD_CallData_406:
we method call start--
UD_CallData_406:
we method call start--
UD_CallData_406:
we method call start--
UD_CallData_406:
we method call start--
UD_CallData_406:
we method call start--
we method call finish--
UD_CallData_406:
we method call finish--
Maven-0.8999999999999999-0.30000000000000004-cn.edu.nju.cs.itrace4.core.ir.VSM:0.00824661706188939
Maven-0.8999999999999999-0.30000000000000004-cn.edu.nju.cs.itrace4.core.ir.VSM:0.009569202294292267
we method call finish--
Maven-0.8999999999999999-0.2-cn.edu.nju.cs.itrace4.core.ir.VSM:0.00824661706188939
Maven-0.8999999999999999-0.2-cn.edu.nju.cs.itrace4.core.ir.VSM:0.009569202294292267
we method call finish--
we method call finish--
Maven-0.8999999999999999-0.4-cn.edu.nju.cs.itrace4.core.ir.VSM:0.00824661706188939
Maven-0.8999999999999999-0.4-cn.edu.nju.cs.itrace4.core.ir.VSM:0.009569202294292267
Maven-0.8999999999999999-0.30000000000000004-cn.edu.nju.cs.itrace4.core.ir.JSD:0.03329930549757314
Maven-0.8999999999999999-0.30000000000000004-cn.edu.nju.cs.itrace4.core.ir.JSD:0.03794343507046416
we method call finish--
Maven-0.8999999999999999-0.2-cn.edu.nju.cs.itrace4.core.ir.JSD:0.03329930549757314
Maven-0.8999999999999999-0.2-cn.edu.nju.cs.itrace4.core.ir.JSD:0.03794343507046416
Maven-0.8999999999999999-0.4-cn.edu.nju.cs.itrace4.core.ir.JSD:0.03329930549757314
Maven-0.8999999999999999-0.4-cn.edu.nju.cs.itrace4.core.ir.JSD:0.03794343507046416
we method call start--
UD_CallData_406:
we method call start--
UD_CallData_406:
we method call finish--
we method call finish--
Maven-0.8999999999999999-0.2-cn.edu.nju.cs.itrace4.core.ir.LSI:0.03584788425692661
Maven-0.8999999999999999-0.2-cn.edu.nju.cs.itrace4.core.ir.LSI:0.04569635777736314
Maven-0.8999999999999999-0.30000000000000004-cn.edu.nju.cs.itrace4.core.ir.LSI:0.03584788425692661
Maven-0.8999999999999999-0.30000000000000004-cn.edu.nju.cs.itrace4.core.ir.LSI:0.04569635777736314
441
442
443
444
445
446
447
448
we method call start--
UD_CallData_406:
we method call start--
UD_CallData_406:
we method call start--
UD_CallData_406:
we method call start--
UD_CallData_406:
we method call start--
UD_CallData_406:
we method call finish--
we method call finish--
we method call finish--
we method call finish--
we method call finish--
Maven-0.8999999999999999-0.6-cn.edu.nju.cs.itrace4.core.ir.VSM:0.016996425396663656
Maven-0.8999999999999999-0.6-cn.edu.nju.cs.itrace4.core.ir.VSM:0.019148555991468825
Maven-0.8999999999999999-0.7-cn.edu.nju.cs.itrace4.core.ir.VSM:0.016996425396663656
Maven-0.8999999999999999-0.7-cn.edu.nju.cs.itrace4.core.ir.VSM:0.019148555991468825
Maven-0.8999999999999999-0.6-cn.edu.nju.cs.itrace4.core.ir.JSD:0.04324140650257307
Maven-0.8999999999999999-0.6-cn.edu.nju.cs.itrace4.core.ir.JSD:0.046540340599043786
Maven-0.8999999999999999-0.5-cn.edu.nju.cs.itrace4.core.ir.VSM:0.016996425396663656
Maven-0.8999999999999999-0.5-cn.edu.nju.cs.itrace4.core.ir.VSM:0.019148555991468825
Maven-0.8999999999999999-0.5-cn.edu.nju.cs.itrace4.core.ir.JSD:0.04324140650257307
Maven-0.8999999999999999-0.5-cn.edu.nju.cs.itrace4.core.ir.JSD:0.046540340599043786
we method call start--
UD_CallData_406:
we method call start--
UD_CallData_406:
we method call start--
UD_CallData_406:
we method call finish--
Maven-0.8999999999999999-0.5-cn.edu.nju.cs.itrace4.core.ir.LSI:0.03239555397828879
Maven-0.8999999999999999-0.5-cn.edu.nju.cs.itrace4.core.ir.LSI:0.03814833833095234
we method call finish--
we method call finish--
Maven-0.8999999999999999-0.6-cn.edu.nju.cs.itrace4.core.ir.LSI:0.03239555397828879
Maven-0.8999999999999999-0.6-cn.edu.nju.cs.itrace4.core.ir.LSI:0.03814833833095234
Maven-0.8999999999999999-0.4-cn.edu.nju.cs.itrace4.core.ir.LSI:0.03239555397828879
Maven-0.8999999999999999-0.4-cn.edu.nju.cs.itrace4.core.ir.LSI:0.03814833833095234
449
450
451
452
453
454
455
456
we method call start--
we method call start--
UD_CallData_406:
UD_CallData_406:
we method call start--
UD_CallData_406:
we method call start--
we method call start--
UD_CallData_406:
UD_CallData_406:
we method call finish--
we method call finish--
we method call finish--
we method call finish--
Maven-0.8999999999999999-0.8999999999999999-cn.edu.nju.cs.itrace4.core.ir.VSM:0.026040630668889134
Maven-0.8999999999999999-0.8999999999999999-cn.edu.nju.cs.itrace4.core.ir.VSM:0.02964340963619126
we method call finish--
Maven-0.8999999999999999-0.7999999999999999-cn.edu.nju.cs.itrace4.core.ir.VSM:0.026040630668889134
Maven-0.8999999999999999-0.7999999999999999-cn.edu.nju.cs.itrace4.core.ir.VSM:0.02964340963619126
Maven-0.8999999999999999-0.8999999999999999-cn.edu.nju.cs.itrace4.core.ir.JSD:0.05629232870775725
Maven-0.8999999999999999-0.8999999999999999-cn.edu.nju.cs.itrace4.core.ir.JSD:0.060552297173603366
Maven-0.8999999999999999-0.7-cn.edu.nju.cs.itrace4.core.ir.JSD:0.05629232870775725
Maven-0.8999999999999999-0.7-cn.edu.nju.cs.itrace4.core.ir.JSD:0.060552297173603366
Maven-0.8999999999999999-0.7999999999999999-cn.edu.nju.cs.itrace4.core.ir.JSD:0.05629232870775725
Maven-0.8999999999999999-0.7999999999999999-cn.edu.nju.cs.itrace4.core.ir.JSD:0.060552297173603366
we method call start--
UD_CallData_406:
we method call start--
UD_CallData_406:
we method call start--
we method call finish--
UD_CallData_406:
we method call finish--
Maven-0.8999999999999999-0.7999999999999999-cn.edu.nju.cs.itrace4.core.ir.LSI:0.03195161342984471
Maven-0.8999999999999999-0.7999999999999999-cn.edu.nju.cs.itrace4.core.ir.LSI:0.03703291607639777
Maven-0.8999999999999999-0.7-cn.edu.nju.cs.itrace4.core.ir.LSI:0.03195161342984471
Maven-0.8999999999999999-0.7-cn.edu.nju.cs.itrace4.core.ir.LSI:0.03703291607639777
we method call finish--
Maven-0.8999999999999999-0.8999999999999999-cn.edu.nju.cs.itrace4.core.ir.LSI:0.03195161342984471
Maven-0.8999999999999999-0.8999999999999999-cn.edu.nju.cs.itrace4.core.ir.LSI:0.03703291607639777
457
458
459
460
461
462
463
464
we method call start--
UD_CallData_406:
we method call start--
UD_CallData_406:
we method call start--
we method call start--
UD_CallData_406:
UD_CallData_406:
we method call start--
UD_CallData_406:
we method call start--
UD_CallData_406:
we method call finish--
we method call finish--
we method call finish--
Maven-0.9999999999999999-0.30000000000000004-cn.edu.nju.cs.itrace4.core.ir.VSM:0.23882174946812829
Maven-0.9999999999999999-0.30000000000000004-cn.edu.nju.cs.itrace4.core.ir.VSM:0.2582798390150337
Maven-0.9999999999999999-0.30000000000000004-cn.edu.nju.cs.itrace4.core.ir.JSD:0.142027834721293
Maven-0.9999999999999999-0.30000000000000004-cn.edu.nju.cs.itrace4.core.ir.JSD:0.14967454119162327
we method call finish--
we method call finish--
we method call finish--
Maven-0.8999999999999999-0.9999999999999999-cn.edu.nju.cs.itrace4.core.ir.VSM:0.23882174946812829
Maven-0.8999999999999999-0.9999999999999999-cn.edu.nju.cs.itrace4.core.ir.VSM:0.2582798390150337
Maven-0.8999999999999999-0.9999999999999999-cn.edu.nju.cs.itrace4.core.ir.JSD:0.0948584514138553
Maven-0.8999999999999999-0.9999999999999999-cn.edu.nju.cs.itrace4.core.ir.JSD:0.10044322282003448
Maven-0.9999999999999999-0.2-cn.edu.nju.cs.itrace4.core.ir.VSM:0.23882174946812829
Maven-0.9999999999999999-0.2-cn.edu.nju.cs.itrace4.core.ir.VSM:0.2582798390150337
Maven-0.9999999999999999-0.2-cn.edu.nju.cs.itrace4.core.ir.JSD:0.142027834721293
Maven-0.9999999999999999-0.2-cn.edu.nju.cs.itrace4.core.ir.JSD:0.14967454119162327
we method call start--
we method call start--
UD_CallData_406:
UD_CallData_406:
we method call finish--
we method call finish--
Maven-0.8999999999999999-0.9999999999999999-cn.edu.nju.cs.itrace4.core.ir.LSI:0.06953495431717943
Maven-0.8999999999999999-0.9999999999999999-cn.edu.nju.cs.itrace4.core.ir.LSI:0.07958385423243144
Maven-0.9999999999999999-0.2-cn.edu.nju.cs.itrace4.core.ir.LSI:0.06953495431717943
Maven-0.9999999999999999-0.2-cn.edu.nju.cs.itrace4.core.ir.LSI:0.07958385423243144
465
466
467
468
469
470
471
472
we method call start--
UD_CallData_406:
we method call start--
UD_CallData_406:
we method call start--
UD_CallData_406:
we method call start--
we method call start--
UD_CallData_406:
UD_CallData_406:
we method call finish--
we method call finish--
we method call finish--
we method call finish--
we method call finish--
Maven-0.9999999999999999-0.4-cn.edu.nju.cs.itrace4.core.ir.VSM:0.06317142867043911
Maven-0.9999999999999999-0.4-cn.edu.nju.cs.itrace4.core.ir.VSM:0.06902745165221288
Maven-0.9999999999999999-0.5-cn.edu.nju.cs.itrace4.core.ir.VSM:0.06317142867043911
Maven-0.9999999999999999-0.5-cn.edu.nju.cs.itrace4.core.ir.VSM:0.06902745165221288
Maven-0.9999999999999999-0.5-cn.edu.nju.cs.itrace4.core.ir.JSD:0.11491742983814468
Maven-0.9999999999999999-0.5-cn.edu.nju.cs.itrace4.core.ir.JSD:0.12544556297446607
Maven-0.9999999999999999-0.6-cn.edu.nju.cs.itrace4.core.ir.VSM:0.06317142867043911
Maven-0.9999999999999999-0.6-cn.edu.nju.cs.itrace4.core.ir.VSM:0.06902745165221288
Maven-0.9999999999999999-0.4-cn.edu.nju.cs.itrace4.core.ir.JSD:0.11491742983814468
Maven-0.9999999999999999-0.4-cn.edu.nju.cs.itrace4.core.ir.JSD:0.12544556297446607
we method call start--
UD_CallData_406:
we method call start--
UD_CallData_406:
we method call finish--
we method call start--
UD_CallData_406:
we method call finish--
Maven-0.9999999999999999-0.30000000000000004-cn.edu.nju.cs.itrace4.core.ir.LSI:0.023288999644033526
Maven-0.9999999999999999-0.30000000000000004-cn.edu.nju.cs.itrace4.core.ir.LSI:0.029560748437975255
Maven-0.9999999999999999-0.5-cn.edu.nju.cs.itrace4.core.ir.LSI:0.023288999644033526
Maven-0.9999999999999999-0.5-cn.edu.nju.cs.itrace4.core.ir.LSI:0.029560748437975255
we method call finish--
Maven-0.9999999999999999-0.4-cn.edu.nju.cs.itrace4.core.ir.LSI:0.023288999644033526
Maven-0.9999999999999999-0.4-cn.edu.nju.cs.itrace4.core.ir.LSI:0.029560748437975255
473
474
475
476
477
478
479
480
we method call start--
UD_CallData_406:
we method call start--
UD_CallData_406:
we method call start--
UD_CallData_406:
we method call start--
UD_CallData_406:
we method call start--
UD_CallData_406:
we method call finish--
we method call finish--
we method call finish--
we method call finish--
Maven-0.9999999999999999-0.7-cn.edu.nju.cs.itrace4.core.ir.JSD:0.09141670333206331
Maven-0.9999999999999999-0.7-cn.edu.nju.cs.itrace4.core.ir.JSD:0.08828192113626099
we method call finish--
Maven-0.9999999999999999-0.7999999999999999-cn.edu.nju.cs.itrace4.core.ir.JSD:0.09141670333206331
Maven-0.9999999999999999-0.7999999999999999-cn.edu.nju.cs.itrace4.core.ir.JSD:0.08828192113626099
Maven-0.9999999999999999-0.6-cn.edu.nju.cs.itrace4.core.ir.JSD:0.09141670333206331
Maven-0.9999999999999999-0.6-cn.edu.nju.cs.itrace4.core.ir.JSD:0.08828192113626099
Maven-0.9999999999999999-0.7-cn.edu.nju.cs.itrace4.core.ir.VSM:0.09099363355858014
Maven-0.9999999999999999-0.7-cn.edu.nju.cs.itrace4.core.ir.VSM:0.10251676064581405
Maven-0.9999999999999999-0.7999999999999999-cn.edu.nju.cs.itrace4.core.ir.VSM:0.09099363355858014
Maven-0.9999999999999999-0.7999999999999999-cn.edu.nju.cs.itrace4.core.ir.VSM:0.10251676064581405
we method call start--
UD_CallData_406:
we method call start--
we method call start--
UD_CallData_406:
UD_CallData_406:
we method call finish--
we method call finish--
Maven-0.9999999999999999-0.6-cn.edu.nju.cs.itrace4.core.ir.LSI:0.05228486901582136
Maven-0.9999999999999999-0.6-cn.edu.nju.cs.itrace4.core.ir.LSI:0.05964965676156654
we method call finish--
Maven-0.9999999999999999-0.7-cn.edu.nju.cs.itrace4.core.ir.LSI:0.05228486901582136
Maven-0.9999999999999999-0.7-cn.edu.nju.cs.itrace4.core.ir.LSI:0.05964965676156654
Maven-0.9999999999999999-0.7999999999999999-cn.edu.nju.cs.itrace4.core.ir.LSI:0.05228486901582136
Maven-0.9999999999999999-0.7999999999999999-cn.edu.nju.cs.itrace4.core.ir.LSI:0.05964965676156654
481
482
483
484
485
486
dirPath:data/exp/Infinispan/uc
dirPath:data/exp/Infinispan/class/code
Read 755 trace links from rtm.
we method call start--
UD_CallData_406:
we method call start--
UD_CallData_406:
we method call start--
UD_CallData_406:
we method call start--
UD_CallData_406:
we method call finish--
we method call finish--
we method call finish--
Maven-0.9999999999999999-0.9999999999999999-cn.edu.nju.cs.itrace4.core.ir.JSD:0.09141670333206331
Maven-0.9999999999999999-0.9999999999999999-cn.edu.nju.cs.itrace4.core.ir.JSD:0.08828192113626099
we method call finish--
487
Maven-0.9999999999999999-0.8999999999999999-cn.edu.nju.cs.itrace4.core.ir.VSM:0.09099363355858014
Maven-0.9999999999999999-0.8999999999999999-cn.edu.nju.cs.itrace4.core.ir.VSM:0.10251676064581405
488
Maven-0.9999999999999999-0.9999999999999999-cn.edu.nju.cs.itrace4.core.ir.VSM:0.09099363355858014
Maven-0.9999999999999999-0.9999999999999999-cn.edu.nju.cs.itrace4.core.ir.VSM:0.10251676064581405
Maven-0.9999999999999999-0.8999999999999999-cn.edu.nju.cs.itrace4.core.ir.JSD:0.09141670333206331
Maven-0.9999999999999999-0.8999999999999999-cn.edu.nju.cs.itrace4.core.ir.JSD:0.08828192113626099
