UC15 EditPersonnelAction 1.0
UC15 EditPHRAction 1.0
UC15 ViewPatientOfficeVisitHistoryAction 1.0
UC15 auth.admin.addHCP_jsp 1.0
UC15 auth.admin.editCPTProcedureCodes_jsp 1.0
UC15 auth.admin.editICDCodes_jsp 1.0
UC15 auth.admin.editLOINCCodes_jsp 1.0
UC15 auth.admin.editNDCInteractions_jsp 1.0
UC15 auth.admin.editNDCodes_jsp 1.0
UC15 auth.admin.hospitalListing_jsp 1.0
UC15 auth.admin.sessionTimeout_jsp 1.0
UC15 auth.getPatientID_jsp 1.0
UC15 auth.hcp-er.emergencyReport_jsp 1.0
UC15 auth.hcp-uap.addPatient_jsp 1.0
UC15 auth.hcp-uap.chronicDiseaseRisks_jsp 1.0
UC15 auth.hcp-uap.editBasicHealth_jsp 1.0
UC15 auth.hcp-uap.editOfficeVisit_jsp 1.0
UC15 auth.hcp-uap.getPrescriptionReport_jsp 1.0
UC15 auth.hcp-uap.updateLabProc_jsp 1.0
UC15 auth.hcp-uap.viewMyReportRequests_jsp 1.0
UC15 auth.hcp-uap.viewReport_jsp 1.0
UC15 auth.hcp.addUAP_jsp 1.0
UC15 auth.hcp.editPatientList_jsp 1.0
UC15 auth.hcp.home_jsp 1.0
UC15 auth.hcp.LabProcHCP_jsp 1.0
UC15 auth.hcp.monitorPatients_jsp 1.0
UC15 auth.hcp.reply_jsp 1.0
UC15 auth.hcp.sendMessage_jsp 1.0
UC15 auth.hcp.viewAdditionalInfo_jsp 1.0
UC15 auth.hcp.viewMyMessages_jsp 1.0
UC15 auth.hcp.viewPrescriptionRenewalNeeds_jsp 1.0
UC15 auth.hcp.visitReminders_jsp 1.0
UC15 auth.patient.addTelemedicineData_jsp 1.0
UC15 auth.patient.editMyDemographics_jsp 1.0
UC15 auth.patient.home_jsp 1.0
UC15 auth.patient.myDiagnoses_jsp 1.0
UC15 auth.patient.reportAdverseEvent_jsp 1.0
UC15 auth.patient.sendMessage_jsp 1.0
UC15 auth.patient.survey_jsp 1.0
UC15 auth.patient.viewAccessLog_jsp 1.0
UC15 auth.patient.viewExpiredPrescriptionRecords_jsp 1.0
UC15 auth.patient.viewLHCP_jsp 1.0
UC15 auth.patient.viewMyMessages_jsp 1.0
UC15 auth.patient.viewMyRecords_jsp 1.0
UC15 auth.patient.viewPrescriptionRecords_jsp 1.0
UC15 auth.patient.viewVisitedHCPs_jsp 1.0
UC15 auth.pha.adverseEventDetails_jsp 1.0
UC15 auth.pha.monitorAdverseEvents_jsp 1.0
UC15 auth.surveyResults_jsp 1.0
UC15 auth.tester.home_jsp 1.0
UC15 auth.uap.addTelemedicineData_jsp 1.0
UC15 auth.uap.getPatientMonitorList_jsp 1.0
UC15 hcp-uap.viewPatientOfficeVisitHistory_jsp 1.0
UC15 util.getUser_jsp 1.0
UC15 util.resetPassword_jsp 1.0
